#
# There is insufficient memory for the Java Runtime Environment to continue.
# Native memory allocation (malloc) failed to allocate 924576 bytes for Chunk::new
# Possible reasons:
#   The system is out of physical RAM or swap space
#   The process is running with CompressedOops enabled, and the Java Heap may be blocking the growth of the native heap
# Possible solutions:
#   Reduce memory load on the system
#   Increase physical memory or swap space
#   Check if swap backing store is full
#   Decrease Java heap size (-Xmx/-Xms)
#   Decrease number of Java threads
#   Decrease Java thread stack sizes (-Xss)
#   Set larger code cache with -XX:ReservedCodeCacheSize=
#   JVM is running with Unscaled Compressed Oops mode in which the Java heap is
#     placed in the first 4GB address space. The Java Heap base address is the
#     maximum limit for the native heap growth. Please use -XX:HeapBaseMinAddress
#     to set the Java Heap base and to place the Java Heap above 4GB virtual address.
# This output file may be truncated or incomplete.
#
#  Out of Memory Error (./open/src/hotspot/share/memory/arena.cpp:195), pid=5924, tid=16972
#
# JRE version: Java(TM) SE Runtime Environment (14.0.2+12) (build 14.0.2+12-46)
# Java VM: Java HotSpot(TM) 64-Bit Server VM (14.0.2+12-46, mixed mode, sharing, tiered, compressed oops, g1 gc, windows-amd64)
# No core dump will be written. Minidumps are not enabled by default on client versions of Windows
#

---------------  S U M M A R Y ------------

Command Line: -Dfile.encoding=x-windows-949 -Duser.country=KR -Duser.language=ko -Duser.variant com.sample.video.VideoApplication

Host: AMD Ryzen 3 2200U with Radeon Vega Mobile Gfx  , 4 cores, 3G,  Windows 10 , 64 bit Build 18362 (10.0.18362.1110)
Time: Sat Oct 31 05:51:34 2020 ¢•eCN©ˆI°æ©ˆ C°ÕA®™®ˆA elapsed time: 3 seconds (0d 0h 0m 3s)

---------------  T H R E A D  ---------------

Current thread (0x00000142769ee000):  JavaThread "C2 CompilerThread0" daemon [_thread_in_native, id=16972, stack(0x0000002fd2600000,0x0000002fd2700000)]


Current CompileTask:
C2:   3845 1688       4       jdk.internal.org.objectweb.asm.Frame::execute (2305 bytes)

Stack: [0x0000002fd2600000,0x0000002fd2700000]
Native frames: (J=compiled Java code, j=interpreted, Vv=VM code, C=native code)
V  [jvm.dll+0x5f8a9a]
V  [jvm.dll+0x74247a]
V  [jvm.dll+0x743c2f]
V  [jvm.dll+0x744273]
V  [jvm.dll+0x20d288]
V  [jvm.dll+0xabb07]
V  [jvm.dll+0xac1fc]
V  [jvm.dll+0x276db4]
V  [jvm.dll+0x50cffa]
V  [jvm.dll+0x1ee1da]
V  [jvm.dll+0x1e7cfb]
V  [jvm.dll+0x1e4f98]
V  [jvm.dll+0x1779cc]
V  [jvm.dll+0x1f4105]
V  [jvm.dll+0x1f22eb]
V  [jvm.dll+0x7070cd]
V  [jvm.dll+0x6ffeda]
V  [jvm.dll+0x5f78f6]
C  [ucrtbase.dll+0x210b2]
C  [KERNEL32.DLL+0x17c24]
C  [ntdll.dll+0x6cea1]


---------------  P R O C E S S  ---------------

Threads class SMR info:
_java_thread_list=0x00000142781ed770, length=11, elements={
0x0000014269d4f800, 0x00000142769c3000, 0x00000142769c5800, 0x00000142769e7800,
0x00000142769eb000, 0x00000142769ed000, 0x00000142769ee000, 0x00000142769f4800,
0x00000142769fe000, 0x0000014277330000, 0x0000014277332800
}

Java Threads: ( => current thread )
  0x0000014269d4f800 JavaThread "main" [_thread_in_native, id=18688, stack(0x0000002fd1a00000,0x0000002fd1b00000)]
  0x00000142769c3000 JavaThread "Reference Handler" daemon [_thread_blocked, id=8160, stack(0x0000002fd2100000,0x0000002fd2200000)]
  0x00000142769c5800 JavaThread "Finalizer" daemon [_thread_blocked, id=17788, stack(0x0000002fd2200000,0x0000002fd2300000)]
  0x00000142769e7800 JavaThread "Signal Dispatcher" daemon [_thread_blocked, id=8828, stack(0x0000002fd2300000,0x0000002fd2400000)]
  0x00000142769eb000 JavaThread "Attach Listener" daemon [_thread_blocked, id=19012, stack(0x0000002fd2400000,0x0000002fd2500000)]
  0x00000142769ed000 JavaThread "Service Thread" daemon [_thread_blocked, id=6296, stack(0x0000002fd2500000,0x0000002fd2600000)]
=>0x00000142769ee000 JavaThread "C2 CompilerThread0" daemon [_thread_in_native, id=16972, stack(0x0000002fd2600000,0x0000002fd2700000)]
  0x00000142769f4800 JavaThread "C1 CompilerThread0" daemon [_thread_blocked, id=17876, stack(0x0000002fd2700000,0x0000002fd2800000)]
  0x00000142769fe000 JavaThread "Sweeper thread" daemon [_thread_blocked, id=17840, stack(0x0000002fd2800000,0x0000002fd2900000)]
  0x0000014277330000 JavaThread "Notification Thread" daemon [_thread_blocked, id=17748, stack(0x0000002fd2900000,0x0000002fd2a00000)]
  0x0000014277332800 JavaThread "Common-Cleaner" daemon [_thread_blocked, id=16652, stack(0x0000002fd2b00000,0x0000002fd2c00000)]

Other Threads:
  0x00000142769c2000 VMThread "VM Thread" [stack: 0x0000002fd2000000,0x0000002fd2100000] [id=18900]
  0x0000014277331000 WatcherThread [stack: 0x0000002fd2a00000,0x0000002fd2b00000] [id=14452]
  0x0000014269d80000 GCTaskThread "GC Thread#0" [stack: 0x0000002fd1b00000,0x0000002fd1c00000] [id=17404]
  0x0000014277c14800 GCTaskThread "GC Thread#1" [stack: 0x0000002fd2c00000,0x0000002fd2d00000] [id=20360]
  0x0000014277f58800 GCTaskThread "GC Thread#2" [stack: 0x0000002fd2e00000,0x0000002fd2f00000] [id=17432]
  0x0000014277f80000 GCTaskThread "GC Thread#3" [stack: 0x0000002fd2f00000,0x0000002fd3000000] [id=19296]
  0x0000014269d89800 ConcurrentGCThread "G1 Main Marker" [stack: 0x0000002fd1c00000,0x0000002fd1d00000] [id=20044]
  0x0000014269d8b000 ConcurrentGCThread "G1 Conc#0" [stack: 0x0000002fd1d00000,0x0000002fd1e00000] [id=19544]
  0x0000014269e09000 ConcurrentGCThread "G1 Refine#0" [stack: 0x0000002fd1e00000,0x0000002fd1f00000] [id=18380]
  0x0000014269e0a000 ConcurrentGCThread "G1 Young RemSet Sampling" [stack: 0x0000002fd1f00000,0x0000002fd2000000] [id=1596]

Threads with active compile tasks:
C2 CompilerThread0     3943 1688       4       jdk.internal.org.objectweb.asm.Frame::execute (2305 bytes)

VM state:not at safepoint (normal execution)

VM Mutex/Monitor currently owned by a thread: None

Heap address: 0x00000000c8c00000, size: 884 MB, Compressed Oops mode: 32-bit
Narrow klass base: 0x0000000800000000, Narrow klass shift: 3
Compressed class space size: 1073741824 Address: 0x0000000800b30000

Heap:
 garbage-first heap   total 57344K, used 21586K [0x00000000c8c00000, 0x0000000100000000)
  region size 1024K, 18 young (18432K), 3 survivors (3072K)
 Metaspace       used 15051K, capacity 15769K, committed 16000K, reserved 1062912K
  class space    used 1889K, capacity 2091K, committed 2176K, reserved 1048576K
Heap Regions: E=young(eden), S=young(survivor), O=old, HS=humongous(starts), HC=humongous(continues), CS=collection set, F=free, OA=open archive, CA=closed archive, TAMS=top-at-mark-start (previous, next)
|   0|0x00000000c8c00000, 0x00000000c8d00000, 0x00000000c8d00000|100%|HS|  |TAMS 0x00000000c8c00000, 0x00000000c8c00000| Complete 
|   1|0x00000000c8d00000, 0x00000000c8e00000, 0x00000000c8e00000|100%| O|  |TAMS 0x00000000c8d00000, 0x00000000c8d00000| Untracked 
|   2|0x00000000c8e00000, 0x00000000c8f00000, 0x00000000c8f00000|100%| O|  |TAMS 0x00000000c8e00000, 0x00000000c8e00000| Untracked 
|   3|0x00000000c8f00000, 0x00000000c9000000, 0x00000000c9000000|100%| O|  |TAMS 0x00000000c8f00000, 0x00000000c8f00000| Untracked 
|   4|0x00000000c9000000, 0x00000000c9100000, 0x00000000c9100000|100%| O|  |TAMS 0x00000000c9000000, 0x00000000c9000000| Untracked 
|   5|0x00000000c9100000, 0x00000000c91d5a00, 0x00000000c9200000| 83%| O|  |TAMS 0x00000000c9100000, 0x00000000c9100000| Untracked 
|   6|0x00000000c9200000, 0x00000000c9200000, 0x00000000c9300000|  0%| F|  |TAMS 0x00000000c9200000, 0x00000000c9200000| Untracked 
|   7|0x00000000c9300000, 0x00000000c9300000, 0x00000000c9400000|  0%| F|  |TAMS 0x00000000c9300000, 0x00000000c9300000| Untracked 
|   8|0x00000000c9400000, 0x00000000c9400000, 0x00000000c9500000|  0%| F|  |TAMS 0x00000000c9400000, 0x00000000c9400000| Untracked 
|   9|0x00000000c9500000, 0x00000000c9500000, 0x00000000c9600000|  0%| F|  |TAMS 0x00000000c9500000, 0x00000000c9500000| Untracked 
|  10|0x00000000c9600000, 0x00000000c9600000, 0x00000000c9700000|  0%| F|  |TAMS 0x00000000c9600000, 0x00000000c9600000| Untracked 
|  11|0x00000000c9700000, 0x00000000c9700000, 0x00000000c9800000|  0%| F|  |TAMS 0x00000000c9700000, 0x00000000c9700000| Untracked 
|  12|0x00000000c9800000, 0x00000000c9800000, 0x00000000c9900000|  0%| F|  |TAMS 0x00000000c9800000, 0x00000000c9800000| Untracked 
|  13|0x00000000c9900000, 0x00000000c9900000, 0x00000000c9a00000|  0%| F|  |TAMS 0x00000000c9900000, 0x00000000c9900000| Untracked 
|  14|0x00000000c9a00000, 0x00000000c9a00000, 0x00000000c9b00000|  0%| F|  |TAMS 0x00000000c9a00000, 0x00000000c9a00000| Untracked 
|  15|0x00000000c9b00000, 0x00000000c9b00000, 0x00000000c9c00000|  0%| F|  |TAMS 0x00000000c9b00000, 0x00000000c9b00000| Untracked 
|  16|0x00000000c9c00000, 0x00000000c9c00000, 0x00000000c9d00000|  0%| F|  |TAMS 0x00000000c9c00000, 0x00000000c9c00000| Untracked 
|  17|0x00000000c9d00000, 0x00000000c9d00000, 0x00000000c9e00000|  0%| F|  |TAMS 0x00000000c9d00000, 0x00000000c9d00000| Untracked 
|  18|0x00000000c9e00000, 0x00000000c9e00000, 0x00000000c9f00000|  0%| F|  |TAMS 0x00000000c9e00000, 0x00000000c9e00000| Untracked 
|  19|0x00000000c9f00000, 0x00000000c9f00000, 0x00000000ca000000|  0%| F|  |TAMS 0x00000000c9f00000, 0x00000000c9f00000| Untracked 
|  20|0x00000000ca000000, 0x00000000ca000000, 0x00000000ca100000|  0%| F|  |TAMS 0x00000000ca000000, 0x00000000ca000000| Untracked 
|  21|0x00000000ca100000, 0x00000000ca100000, 0x00000000ca200000|  0%| F|  |TAMS 0x00000000ca100000, 0x00000000ca100000| Untracked 
|  22|0x00000000ca200000, 0x00000000ca200000, 0x00000000ca300000|  0%| F|  |TAMS 0x00000000ca200000, 0x00000000ca200000| Untracked 
|  23|0x00000000ca300000, 0x00000000ca300000, 0x00000000ca400000|  0%| F|  |TAMS 0x00000000ca300000, 0x00000000ca300000| Untracked 
|  24|0x00000000ca400000, 0x00000000ca43f0c0, 0x00000000ca500000| 24%| S|CS|TAMS 0x00000000ca400000, 0x00000000ca400000| Complete 
|  25|0x00000000ca500000, 0x00000000ca600000, 0x00000000ca600000|100%| S|CS|TAMS 0x00000000ca500000, 0x00000000ca500000| Complete 
|  26|0x00000000ca600000, 0x00000000ca700000, 0x00000000ca700000|100%| S|CS|TAMS 0x00000000ca600000, 0x00000000ca600000| Complete 
|  27|0x00000000ca700000, 0x00000000ca700000, 0x00000000ca800000|  0%| F|  |TAMS 0x00000000ca700000, 0x00000000ca700000| Untracked 
|  28|0x00000000ca800000, 0x00000000ca800000, 0x00000000ca900000|  0%| F|  |TAMS 0x00000000ca800000, 0x00000000ca800000| Untracked 
|  29|0x00000000ca900000, 0x00000000ca900000, 0x00000000caa00000|  0%| F|  |TAMS 0x00000000ca900000, 0x00000000ca900000| Untracked 
|  30|0x00000000caa00000, 0x00000000caa00000, 0x00000000cab00000|  0%| F|  |TAMS 0x00000000caa00000, 0x00000000caa00000| Untracked 
|  31|0x00000000cab00000, 0x00000000cab00000, 0x00000000cac00000|  0%| F|  |TAMS 0x00000000cab00000, 0x00000000cab00000| Untracked 
|  32|0x00000000cac00000, 0x00000000cac00000, 0x00000000cad00000|  0%| F|  |TAMS 0x00000000cac00000, 0x00000000cac00000| Untracked 
|  33|0x00000000cad00000, 0x00000000cad00000, 0x00000000cae00000|  0%| F|  |TAMS 0x00000000cad00000, 0x00000000cad00000| Untracked 
|  34|0x00000000cae00000, 0x00000000cae00000, 0x00000000caf00000|  0%| F|  |TAMS 0x00000000cae00000, 0x00000000cae00000| Untracked 
|  35|0x00000000caf00000, 0x00000000caf00000, 0x00000000cb000000|  0%| F|  |TAMS 0x00000000caf00000, 0x00000000caf00000| Untracked 
|  36|0x00000000cb000000, 0x00000000cb000000, 0x00000000cb100000|  0%| F|  |TAMS 0x00000000cb000000, 0x00000000cb000000| Untracked 
|  37|0x00000000cb100000, 0x00000000cb100000, 0x00000000cb200000|  0%| F|  |TAMS 0x00000000cb100000, 0x00000000cb100000| Untracked 
|  38|0x00000000cb200000, 0x00000000cb200000, 0x00000000cb300000|  0%| F|  |TAMS 0x00000000cb200000, 0x00000000cb200000| Untracked 
|  39|0x00000000cb300000, 0x00000000cb300000, 0x00000000cb400000|  0%| F|  |TAMS 0x00000000cb300000, 0x00000000cb300000| Untracked 
|  40|0x00000000cb400000, 0x00000000cb400000, 0x00000000cb500000|  0%| F|  |TAMS 0x00000000cb400000, 0x00000000cb400000| Untracked 
|  41|0x00000000cb500000, 0x00000000cb578058, 0x00000000cb600000| 46%| E|  |TAMS 0x00000000cb500000, 0x00000000cb500000| Complete 
|  42|0x00000000cb600000, 0x00000000cb700000, 0x00000000cb700000|100%| E|CS|TAMS 0x00000000cb600000, 0x00000000cb600000| Complete 
|  43|0x00000000cb700000, 0x00000000cb800000, 0x00000000cb800000|100%| E|CS|TAMS 0x00000000cb700000, 0x00000000cb700000| Complete 
|  44|0x00000000cb800000, 0x00000000cb900000, 0x00000000cb900000|100%| E|CS|TAMS 0x00000000cb800000, 0x00000000cb800000| Complete 
|  45|0x00000000cb900000, 0x00000000cba00000, 0x00000000cba00000|100%| E|CS|TAMS 0x00000000cb900000, 0x00000000cb900000| Complete 
|  46|0x00000000cba00000, 0x00000000cbb00000, 0x00000000cbb00000|100%| E|CS|TAMS 0x00000000cba00000, 0x00000000cba00000| Complete 
|  47|0x00000000cbb00000, 0x00000000cbc00000, 0x00000000cbc00000|100%| E|CS|TAMS 0x00000000cbb00000, 0x00000000cbb00000| Complete 
|  48|0x00000000cbc00000, 0x00000000cbd00000, 0x00000000cbd00000|100%| E|CS|TAMS 0x00000000cbc00000, 0x00000000cbc00000| Complete 
|  49|0x00000000cbd00000, 0x00000000cbe00000, 0x00000000cbe00000|100%| E|CS|TAMS 0x00000000cbd00000, 0x00000000cbd00000| Complete 
|  50|0x00000000cbe00000, 0x00000000cbf00000, 0x00000000cbf00000|100%| E|CS|TAMS 0x00000000cbe00000, 0x00000000cbe00000| Complete 
|  51|0x00000000cbf00000, 0x00000000cc000000, 0x00000000cc000000|100%| E|CS|TAMS 0x00000000cbf00000, 0x00000000cbf00000| Complete 
|  52|0x00000000cc000000, 0x00000000cc100000, 0x00000000cc100000|100%| E|CS|TAMS 0x00000000cc000000, 0x00000000cc000000| Complete 
|  53|0x00000000cc100000, 0x00000000cc200000, 0x00000000cc200000|100%| E|CS|TAMS 0x00000000cc100000, 0x00000000cc100000| Complete 
|  54|0x00000000cc200000, 0x00000000cc300000, 0x00000000cc300000|100%| E|CS|TAMS 0x00000000cc200000, 0x00000000cc200000| Complete 
|  55|0x00000000cc300000, 0x00000000cc400000, 0x00000000cc400000|100%| E|  |TAMS 0x00000000cc300000, 0x00000000cc300000| Complete 

Card table byte_map: [0x00000142724e0000,0x00000142726a0000] _byte_map_base: 0x0000014271e9a000

Marking Bits (Prev, Next): (CMBitMap*) 0x0000014269d81a18, (CMBitMap*) 0x0000014269d81a58
 Prev Bits: [0x0000014272860000, 0x0000014273630000)
 Next Bits: [0x0000014273630000, 0x0000014274400000)

Polling page: 0x0000014267a70000

Metaspace:

Usage:
  Non-class:     13.42 MB capacity,    12.88 MB ( 96%) used,   501.36 KB (  4%) free+waste,    46.44 KB ( <1%) overhead. 
      Class:      2.04 MB capacity,     1.85 MB ( 90%) used,   174.43 KB (  8%) free+waste,    24.69 KB (  1%) overhead. 
       Both:     15.46 MB capacity,    14.73 MB ( 95%) used,   675.79 KB (  4%) free+waste,    71.13 KB ( <1%) overhead. 

Virtual space:
  Non-class space:       14.00 MB reserved,      13.50 MB ( 96%) committed 
      Class space:        1.00 GB reserved,       2.13 MB ( <1%) committed 
             Both:        1.01 GB reserved,      15.63 MB (  2%) committed 

Chunk freelists:
   Non-Class:  18.00 KB
       Class:  21.00 KB
        Both:  39.00 KB

MaxMetaspaceSize: 17179869184.00 GB
CompressedClassSpaceSize: 1.00 GB

CodeHeap 'non-profiled nmethods': size=120000Kb used=730Kb max_used=730Kb free=119269Kb
 bounds [0x0000014207ad0000, 0x0000014207d40000, 0x000001420f000000]
CodeHeap 'profiled nmethods': size=120000Kb used=3528Kb max_used=3528Kb free=116471Kb
 bounds [0x00000142005a0000, 0x0000014200920000, 0x0000014207ad0000]
CodeHeap 'non-nmethods': size=5760Kb used=1209Kb max_used=1233Kb free=4551Kb
 bounds [0x0000014200000000, 0x0000014200270000, 0x00000142005a0000]
 total_blobs=2238 nmethods=1772 adapters=378
 compilation: enabled
              stopped_count=0, restarted_count=0
 full_count=0

Compilation events (20 events):
Event: 3.704 Thread 0x00000142769f4800 1709       3       jdk.internal.reflect.ByteVectorImpl::get (26 bytes)
Event: 3.705 Thread 0x00000142769f4800 nmethod 1709 0x00000142008ed810 code [0x00000142008ed9c0, 0x00000142008edba8]
Event: 3.706 Thread 0x00000142769f4800 1710       3       org.springframework.asm.ClassReader::readUnsignedShort (26 bytes)
Event: 3.706 Thread 0x00000142769f4800 nmethod 1710 0x00000142008edd10 code [0x00000142008edea0, 0x00000142008ee018]
Event: 3.728 Thread 0x00000142769f4800 1711       3       java.nio.ByteBuffer::wrap (8 bytes)
Event: 3.728 Thread 0x00000142769f4800 nmethod 1711 0x00000142008ee110 code [0x00000142008ee2e0, 0x00000142008ee678]
Event: 3.728 Thread 0x00000142769f4800 1712       3       java.util.HashMap::<init> (98 bytes)
Event: 3.729 Thread 0x00000142769f4800 nmethod 1712 0x00000142008ee890 code [0x00000142008eebe0, 0x00000142008f0028]
Event: 3.729 Thread 0x00000142769f4800 1713   !   3       java.nio.ByteBuffer::wrap (21 bytes)
Event: 3.730 Thread 0x00000142769f4800 nmethod 1713 0x00000142008f0690 code [0x00000142008f0860, 0x00000142008f0b98]
Event: 3.738 Thread 0x00000142769f4800 1714       3       org.springframework.asm.ClassReader::readUTF8 (23 bytes)
Event: 3.739 Thread 0x00000142769f4800 nmethod 1714 0x00000142008f0d90 code [0x00000142008f0f40, 0x00000142008f11e8]
Event: 3.739 Thread 0x00000142769f4800 1715       3       org.springframework.asm.ClassReader::readUtf (44 bytes)
Event: 3.739 Thread 0x00000142769f4800 nmethod 1715 0x00000142008f1310 code [0x00000142008f14e0, 0x00000142008f1988]
Event: 3.739 Thread 0x00000142769f4800 1716       1       org.springframework.core.annotation.AnnotationTypeMapping$MirrorSets$MirrorSet::access$200 (5 bytes)
Event: 3.739 Thread 0x00000142769f4800 nmethod 1716 0x0000014207b83d90 code [0x0000014207b83f20, 0x0000014207b83fb8]
Event: 3.745 Thread 0x00000142769f4800 1717       3       org.springframework.asm.ClassReader::readInt (52 bytes)
Event: 3.746 Thread 0x00000142769f4800 nmethod 1717 0x00000142008f1c10 code [0x00000142008f1da0, 0x00000142008f1f98]
Event: 3.779 Thread 0x00000142769f4800 1719       3       org.springframework.asm.ClassReader::readUtf (161 bytes)
Event: 3.780 Thread 0x00000142769f4800 nmethod 1719 0x00000142008f2110 code [0x00000142008f2300, 0x00000142008f28b8]

GC Heap History (8 events):
Event: 1.038 GC heap before
{Heap before GC invocations=0 (full 0):
 garbage-first heap   total 57344K, used 14336K [0x00000000c8c00000, 0x0000000100000000)
  region size 1024K, 13 young (13312K), 0 survivors (0K)
 Metaspace       used 2279K, capacity 5416K, committed 5632K, reserved 1056768K
  class space    used 220K, capacity 509K, committed 512K, reserved 1048576K
}
Event: 1.043 GC heap after
{Heap after GC invocations=1 (full 0):
 garbage-first heap   total 57344K, used 6094K [0x00000000c8c00000, 0x0000000100000000)
  region size 1024K, 2 young (2048K), 2 survivors (2048K)
 Metaspace       used 2279K, capacity 5416K, committed 5632K, reserved 1056768K
  class space    used 220K, capacity 509K, committed 512K, reserved 1048576K
}
Event: 1.592 GC heap before
{Heap before GC invocations=1 (full 0):
 garbage-first heap   total 57344K, used 17358K [0x00000000c8c00000, 0x0000000100000000)
  region size 1024K, 13 young (13312K), 2 survivors (2048K)
 Metaspace       used 4781K, capacity 7006K, committed 7296K, reserved 1056768K
  class space    used 548K, capacity 769K, committed 896K, reserved 1048576K
}
Event: 1.597 GC heap after
{Heap after GC invocations=2 (full 0):
 garbage-first heap   total 57344K, used 6748K [0x00000000c8c00000, 0x0000000100000000)
  region size 1024K, 1 young (1024K), 1 survivors (1024K)
 Metaspace       used 4781K, capacity 7006K, committed 7296K, reserved 1056768K
  class space    used 548K, capacity 769K, committed 896K, reserved 1048576K
}
Event: 2.521 GC heap before
{Heap before GC invocations=2 (full 0):
 garbage-first heap   total 57344K, used 24156K [0x00000000c8c00000, 0x0000000100000000)
  region size 1024K, 18 young (18432K), 1 survivors (1024K)
 Metaspace       used 7830K, capacity 9328K, committed 9472K, reserved 1056768K
  class space    used 1016K, capacity 1214K, committed 1280K, reserved 1048576K
}
Event: 2.525 GC heap after
{Heap after GC invocations=3 (full 0):
 garbage-first heap   total 57344K, used 7491K [0x00000000c8c00000, 0x0000000100000000)
  region size 1024K, 2 young (2048K), 2 survivors (2048K)
 Metaspace       used 7830K, capacity 9328K, committed 9472K, reserved 1056768K
  class space    used 1016K, capacity 1214K, committed 1280K, reserved 1048576K
}
Event: 3.187 GC heap before
{Heap before GC invocations=3 (full 0):
 garbage-first heap   total 57344K, used 35139K [0x00000000c8c00000, 0x0000000100000000)
  region size 1024K, 29 young (29696K), 2 survivors (2048K)
 Metaspace       used 12814K, capacity 13753K, committed 13824K, reserved 1060864K
  class space    used 1584K, capacity 1753K, committed 1792K, reserved 1048576K
}
Event: 3.190 GC heap after
{Heap after GC invocations=4 (full 0):
 garbage-first heap   total 57344K, used 8274K [0x00000000c8c00000, 0x0000000100000000)
  region size 1024K, 3 young (3072K), 3 survivors (3072K)
 Metaspace       used 12814K, capacity 13753K, committed 13824K, reserved 1060864K
  class space    used 1584K, capacity 1753K, committed 1792K, reserved 1048576K
}

Deoptimization events (20 events):
Event: 2.630 Thread 0x0000014277e3c000 Uncommon trap: trap_request=0xffffff45 fr.pc=0x0000014207b51e98 relative=0x0000000000000198
Event: 2.630 Thread 0x0000014277e3c000 Uncommon trap: reason=unstable_if action=reinterpret pc=0x0000014207b51e98 method=java.util.concurrent.ConcurrentHashMap.addCount(JI)V @ 34 c2
Event: 2.630 Thread 0x0000014277e3c000 DEOPT PACKING pc=0x0000014207b51e98 sp=0x0000002fd2df84b0
Event: 2.630 Thread 0x0000014277e3c000 DEOPT UNPACKING pc=0x000001420004912f sp=0x0000002fd2df83f0 mode 2
Event: 2.658 Thread 0x0000014269d4f800 DEOPT PACKING pc=0x00000142006af4d0 sp=0x0000002fd1afc140
Event: 2.658 Thread 0x0000014269d4f800 DEOPT UNPACKING pc=0x000001420004964e sp=0x0000002fd1afb5c8 mode 0
Event: 3.291 Thread 0x0000014277e3c000 DEOPT PACKING pc=0x00000142006af4d0 sp=0x0000002fd2dfd320
Event: 3.291 Thread 0x0000014277e3c000 DEOPT UNPACKING pc=0x000001420004964e sp=0x0000002fd2dfc7a8 mode 0
Event: 3.329 Thread 0x0000014269d4f800 Uncommon trap: trap_request=0xffffff45 fr.pc=0x0000014207b4782c relative=0x00000000000002ac
Event: 3.329 Thread 0x0000014269d4f800 Uncommon trap: reason=unstable_if action=reinterpret pc=0x0000014207b4782c method=java.util.concurrent.ConcurrentHashMap.get(Ljava/lang/Object;)Ljava/lang/Object; @ 76 c2
Event: 3.329 Thread 0x0000014269d4f800 DEOPT PACKING pc=0x0000014207b4782c sp=0x0000002fd1afd1a0
Event: 3.329 Thread 0x0000014269d4f800 DEOPT UNPACKING pc=0x000001420004912f sp=0x0000002fd1afd118 mode 2
Event: 3.473 Thread 0x0000014269d4f800 Uncommon trap: trap_request=0xffffff45 fr.pc=0x0000014207b16d04 relative=0x0000000000000204
Event: 3.473 Thread 0x0000014269d4f800 Uncommon trap: reason=unstable_if action=reinterpret pc=0x0000014207b16d04 method=java.io.WinNTFileSystem.normalize(Ljava/lang/String;)Ljava/lang/String; @ 128 c2
Event: 3.473 Thread 0x0000014269d4f800 DEOPT PACKING pc=0x0000014207b16d04 sp=0x0000002fd1afdeb0
Event: 3.473 Thread 0x0000014269d4f800 DEOPT UNPACKING pc=0x000001420004912f sp=0x0000002fd1afde28 mode 2
Event: 3.474 Thread 0x0000014269d4f800 Uncommon trap: trap_request=0xffffff45 fr.pc=0x0000014207ae6f94 relative=0x0000000000000bb4
Event: 3.474 Thread 0x0000014269d4f800 Uncommon trap: reason=unstable_if action=reinterpret pc=0x0000014207ae6f94 method=java.util.zip.ZipFile$Source.getEntryPos([BZ)I @ 157 c2
Event: 3.474 Thread 0x0000014269d4f800 DEOPT PACKING pc=0x0000014207ae6f94 sp=0x0000002fd1afdf60
Event: 3.474 Thread 0x0000014269d4f800 DEOPT UNPACKING pc=0x000001420004912f sp=0x0000002fd1afdf00 mode 2

Classes unloaded (0 events):
No events

Classes redefined (0 events):
No events

Internal exceptions (20 events):
Event: 2.768 Thread 0x0000014269d4f800 Exception <a 'java/lang/NoClassDefFoundError'{0x00000000cb7b7ae8}: javax/validation/ValidationException> (0x00000000cb7b7ae8) 
thrown [./open/src/hotspot/share/classfile/systemDictionary.cpp, line 215]
Event: 2.831 Thread 0x0000014269d4f800 Exception <a 'java/lang/NoSuchMethodError'{0x00000000cb465ac0}: 'org.slf4j.impl.StaticMDCBinder org.slf4j.impl.StaticMDCBinder.getSingleton()'> (0x00000000cb465ac0) 
thrown [./open/src/hotspot/share/interpreter/linkResolver.cpp, line 766]
Event: 3.301 Thread 0x0000014269d4f800 Exception <a 'java/lang/ClassNotFoundException'{0x00000000cbf9c068}: java/lang/ObjectCustomizer> (0x00000000cbf9c068) 
thrown [./open/src/hotspot/share/classfile/systemDictionary.cpp, line 226]
Event: 3.310 Thread 0x0000014269d4f800 Exception <a 'java/lang/IncompatibleClassChangeError'{0x00000000cbfa1078}: Found class java.lang.Object, but interface was expected> (0x00000000cbfa1078) 
thrown [./open/src/hotspot/share/interpreter/linkResolver.cpp, line 832]
Event: 3.333 Thread 0x0000014269d4f800 Exception <a 'java/lang/ClassNotFoundException'{0x00000000cbd16e48}: org/springframework/context/annotation/ConfigurationClassPostProcessorCustomizer> (0x00000000cbd16e48) 
thrown [./open/src/hotspot/share/classfile/systemDictionary.cpp, line 226]
Event: 3.351 Thread 0x0000014269d4f800 Exception <a 'java/lang/ClassNotFoundException'{0x00000000cbdc6f00}: org/springframework/beans/factory/support/BeanDefinitionRegistryPostProcessorCustomizer> (0x00000000cbdc6f00) 
thrown [./open/src/hotspot/share/classfile/systemDictionary.cpp, line 226]
Event: 3.354 Thread 0x0000014269d4f800 Exception <a 'java/lang/ClassNotFoundException'{0x00000000cbdd96b8}: org/springframework/beans/factory/config/BeanFactoryPostProcessorCustomizer> (0x00000000cbdd96b8) 
thrown [./open/src/hotspot/share/classfile/systemDictionary.cpp, line 226]
Event: 3.356 Thread 0x0000014269d4f800 Exception <a 'java/lang/ClassNotFoundException'{0x00000000cbde8d10}: org/springframework/core/PriorityOrderedCustomizer> (0x00000000cbde8d10) 
thrown [./open/src/hotspot/share/classfile/systemDictionary.cpp, line 226]
Event: 3.360 Thread 0x0000014269d4f800 Exception <a 'java/lang/ClassNotFoundException'{0x00000000cbdf6130}: org/springframework/core/OrderedCustomizer> (0x00000000cbdf6130) 
thrown [./open/src/hotspot/share/classfile/systemDictionary.cpp, line 226]
Event: 3.367 Thread 0x0000014269d4f800 Exception <a 'java/lang/ClassNotFoundException'{0x00000000cbc7b020}: org/springframework/context/ResourceLoaderAwareCustomizer> (0x00000000cbc7b020) 
thrown [./open/src/hotspot/share/classfile/systemDictionary.cpp, line 226]
Event: 3.368 Thread 0x0000014269d4f800 Exception <a 'java/lang/ClassNotFoundException'{0x00000000cbc8a1f0}: org/springframework/beans/factory/AwareCustomizer> (0x00000000cbc8a1f0) 
thrown [./open/src/hotspot/share/classfile/systemDictionary.cpp, line 226]
Event: 3.370 Thread 0x0000014269d4f800 Exception <a 'java/lang/ClassNotFoundException'{0x00000000cbc9a180}: org/springframework/beans/factory/BeanClassLoaderAwareCustomizer> (0x00000000cbc9a180) 
thrown [./open/src/hotspot/share/classfile/systemDictionary.cpp, line 226]
Event: 3.371 Thread 0x0000014269d4f800 Exception <a 'java/lang/ClassNotFoundException'{0x00000000cbca9368}: org/springframework/beans/factory/AwareCustomizer> (0x00000000cbca9368) 
thrown [./open/src/hotspot/share/classfile/systemDictionary.cpp, line 226]
Event: 3.373 Thread 0x0000014269d4f800 Exception <a 'java/lang/ClassNotFoundException'{0x00000000cbcb8128}: org/springframework/context/EnvironmentAwareCustomizer> (0x00000000cbcb8128) 
thrown [./open/src/hotspot/share/classfile/systemDictionary.cpp, line 226]
Event: 3.374 Thread 0x0000014269d4f800 Exception <a 'java/lang/ClassNotFoundException'{0x00000000cbcc7260}: org/springframework/beans/factory/AwareCustomizer> (0x00000000cbcc7260) 
thrown [./open/src/hotspot/share/classfile/systemDictionary.cpp, line 226]
Event: 3.439 Thread 0x0000014277e3c000 Exception <a 'java/lang/NoSuchMethodError'{0x00000000cba53fa0}: 'long java.lang.invoke.DirectMethodHandle$Holder.invokeStatic(java.lang.Object, java.lang.Object)'> (0x00000000cba53fa0) 
thrown [./open/src/hotspot/share/interpreter/linkResolver.cpp, line 766]
Event: 3.440 Thread 0x0000014277e3c000 Exception <a 'java/lang/NoSuchMethodError'{0x00000000cba56ca8}: 'long java.lang.invoke.DirectMethodHandle$Holder.invokeStaticInit(java.lang.Object, java.lang.Object)'> (0x00000000cba56ca8) 
thrown [./open/src/hotspot/share/interpreter/linkResolver.cpp, line 766]
Event: 3.451 Thread 0x0000014277e3c000 Exception <a 'java/lang/NoSuchMethodError'{0x00000000cba62a30}: 'long java.lang.invoke.DirectMethodHandle$Holder.invokeInterface(java.lang.Object, java.lang.Object)'> (0x00000000cba62a30) 
thrown [./open/src/hotspot/share/interpreter/linkResolver.cpp, line 766]
Event: 3.451 Thread 0x0000014277e3c000 Exception <a 'java/lang/IncompatibleClassChangeError'{0x00000000cba65558}: Found class java.lang.Object, but interface was expected> (0x00000000cba65558) 
thrown [./open/src/hotspot/share/interpreter/linkResolver.cpp, line 832]
Event: 3.519 Thread 0x0000014277e3c000 Exception <a 'java/lang/NoSuchMethodError'{0x00000000cb81d628}: 'java.lang.Object java.lang.invoke.DirectMethodHandle$Holder.invokeVirtual(java.lang.Object, java.lang.Object, java.lang.Object, java.lang.Object)'> (0x00000000cb81d628) 
thrown [./open/src/hotspot/share/interpreter/linkResolver.cpp, line 766]

Events (20 events):
Event: 3.454 Executing VM operation: HandshakeOneThread done
Event: 3.455 Executing VM operation: HandshakeOneThread
Event: 3.455 Executing VM operation: HandshakeOneThread done
Event: 3.476 Executing VM operation: HandshakeOneThread
Event: 3.476 Executing VM operation: HandshakeOneThread done
Event: 3.476 Executing VM operation: HandshakeOneThread
Event: 3.476 Executing VM operation: HandshakeOneThread done
Event: 3.498 loading class java/util/regex/Pattern$LazyLoop
Event: 3.500 loading class java/util/regex/Pattern$LazyLoop done
Event: 3.502 loading class java/util/regex/Pattern$SliceS
Event: 3.503 loading class java/util/regex/Pattern$SliceS done
Event: 3.519 Executing VM operation: HandshakeOneThread
Event: 3.519 Executing VM operation: HandshakeOneThread done
Event: 3.526 Executing VM operation: HandshakeOneThread
Event: 3.526 Executing VM operation: HandshakeOneThread done
Event: 3.526 Executing VM operation: HandshakeOneThread
Event: 3.526 Executing VM operation: HandshakeOneThread done
Event: 3.526 Thread 0x0000014277e3c000 Thread exited: 0x0000014277e3c000
Event: 3.774 Executing VM operation: HandshakeOneThread
Event: 3.774 Executing VM operation: HandshakeOneThread done


Dynamic libraries:
0x00007ff7aaa60000 - 0x00007ff7aaa6f000 	C:\Program Files\Java\jdk-14.0.2\bin\java.exe
0x00007ff987e00000 - 0x00007ff987ff0000 	C:\WINDOWS\SYSTEM32\ntdll.dll
0x00007ff986d40000 - 0x00007ff986df2000 	C:\WINDOWS\System32\KERNEL32.DLL
0x00007ff985c00000 - 0x00007ff985ea5000 	C:\WINDOWS\System32\KERNELBASE.dll
0x00007ff985170000 - 0x00007ff98526a000 	C:\WINDOWS\System32\ucrtbase.dll
0x00007ff97a7f0000 - 0x00007ff97a808000 	C:\Program Files\Java\jdk-14.0.2\bin\jli.dll
0x00007ff97a780000 - 0x00007ff97a795000 	C:\Program Files\Java\jdk-14.0.2\bin\VCRUNTIME140.dll
0x00007ff986e10000 - 0x00007ff986eb3000 	C:\WINDOWS\System32\ADVAPI32.dll
0x00007ff986820000 - 0x00007ff9868be000 	C:\WINDOWS\System32\msvcrt.dll
0x00007ff987d20000 - 0x00007ff987db7000 	C:\WINDOWS\System32\sechost.dll
0x00007ff986010000 - 0x00007ff986130000 	C:\WINDOWS\System32\RPCRT4.dll
0x00007ff9875f0000 - 0x00007ff987784000 	C:\WINDOWS\System32\USER32.dll
0x00007ff985140000 - 0x00007ff985161000 	C:\WINDOWS\System32\win32u.dll
0x00007ff986ec0000 - 0x00007ff986ee6000 	C:\WINDOWS\System32\GDI32.dll
0x00007ff985290000 - 0x00007ff985426000 	C:\WINDOWS\System32\gdi32full.dll
0x00007ff9850a0000 - 0x00007ff98513e000 	C:\WINDOWS\System32\msvcp_win.dll
0x00007ff9735c0000 - 0x00007ff973844000 	C:\WINDOWS\WinSxS\amd64_microsoft.windows.common-controls_6595b64144ccf1df_6.0.18362.1139_none_9e7bf2d3e4605ac6\COMCTL32.dll
0x00007ff987790000 - 0x00007ff987ac5000 	C:\WINDOWS\System32\combase.dll
0x00007ff984d90000 - 0x00007ff984e10000 	C:\WINDOWS\System32\bcryptPrimitives.dll
0x00007ff97ca20000 - 0x00007ff97ca2a000 	C:\WINDOWS\SYSTEM32\VERSION.dll
0x00007ff9873a0000 - 0x00007ff9873ce000 	C:\WINDOWS\System32\IMM32.DLL
0x00007ff962190000 - 0x00007ff96222b000 	C:\Program Files\Java\jdk-14.0.2\bin\msvcp140.dll
0x00007ff935fd0000 - 0x00007ff936aee000 	C:\Program Files\Java\jdk-14.0.2\bin\server\jvm.dll
0x00007ff986e00000 - 0x00007ff986e08000 	C:\WINDOWS\System32\PSAPI.DLL
0x00007ff973080000 - 0x00007ff973089000 	C:\WINDOWS\SYSTEM32\WSOCK32.dll
0x00007ff987320000 - 0x00007ff98738f000 	C:\WINDOWS\System32\WS2_32.dll
0x00007ff982ec0000 - 0x00007ff982ee4000 	C:\WINDOWS\SYSTEM32\WINMM.dll
0x00007ff982840000 - 0x00007ff98286d000 	C:\WINDOWS\SYSTEM32\WINMMBASE.dll
0x00007ff985bb0000 - 0x00007ff985bfa000 	C:\WINDOWS\System32\cfgmgr32.dll
0x00007ff984cd0000 - 0x00007ff984ce1000 	C:\WINDOWS\System32\kernel.appcore.dll
0x00007ff97a8c0000 - 0x00007ff97a8ca000 	C:\Program Files\Java\jdk-14.0.2\bin\jimage.dll
0x00007ff974740000 - 0x00007ff974934000 	C:\WINDOWS\SYSTEM32\DBGHELP.DLL
0x00007ff973ea0000 - 0x00007ff973eca000 	C:\WINDOWS\SYSTEM32\dbgcore.DLL
0x00007ff96b240000 - 0x00007ff96b265000 	C:\Program Files\Java\jdk-14.0.2\bin\java.dll
0x00007ff97a760000 - 0x00007ff97a776000 	C:\Program Files\Java\jdk-14.0.2\bin\zip.dll
0x00007ff986130000 - 0x00007ff986817000 	C:\WINDOWS\System32\SHELL32.dll
0x00007ff987540000 - 0x00007ff9875e9000 	C:\WINDOWS\System32\shcore.dll
0x00007ff985430000 - 0x00007ff985bb0000 	C:\WINDOWS\System32\windows.storage.dll
0x00007ff984d60000 - 0x00007ff984d83000 	C:\WINDOWS\System32\profapi.dll
0x00007ff984d10000 - 0x00007ff984d5a000 	C:\WINDOWS\System32\powrprof.dll
0x00007ff984cc0000 - 0x00007ff984cd0000 	C:\WINDOWS\System32\UMPDC.dll
0x00007ff987170000 - 0x00007ff9871c2000 	C:\WINDOWS\System32\shlwapi.dll
0x00007ff985270000 - 0x00007ff985287000 	C:\WINDOWS\System32\cryptsp.dll
0x00007ff978840000 - 0x00007ff978859000 	C:\Program Files\Java\jdk-14.0.2\bin\net.dll
0x00007ff97aad0000 - 0x00007ff97abc0000 	C:\WINDOWS\SYSTEM32\WINHTTP.dll
0x00007ff9844b0000 - 0x00007ff984517000 	C:\WINDOWS\system32\mswsock.dll
0x00007ff96da60000 - 0x00007ff96da72000 	C:\Program Files\Java\jdk-14.0.2\bin\nio.dll
0x00007ff97a730000 - 0x00007ff97a740000 	C:\Program Files\Java\jdk-14.0.2\bin\verify.dll
0x00007ff97a600000 - 0x00007ff97a609000 	C:\Program Files\Java\jdk-14.0.2\bin\management.dll
0x00007ff978e10000 - 0x00007ff978e1b000 	C:\Program Files\Java\jdk-14.0.2\bin\management_ext.dll
0x00007ff971690000 - 0x00007ff9716a6000 	C:\WINDOWS\system32\napinsp.dll
0x00007ff971650000 - 0x00007ff97166a000 	C:\WINDOWS\system32\pnrpnsp.dll
0x00007ff984200000 - 0x00007ff9842cb000 	C:\WINDOWS\SYSTEM32\DNSAPI.dll
0x00007ff986d30000 - 0x00007ff986d38000 	C:\WINDOWS\System32\NSI.dll
0x00007ff9841c0000 - 0x00007ff9841fa000 	C:\WINDOWS\SYSTEM32\IPHLPAPI.DLL
0x00007ff971740000 - 0x00007ff97174e000 	C:\WINDOWS\System32\winrnr.dll
0x00007ff9814b0000 - 0x00007ff9814cc000 	C:\WINDOWS\system32\NLAapi.dll
0x00007ff9718f0000 - 0x00007ff971905000 	C:\WINDOWS\system32\wshbth.dll
0x00007ff97a7e0000 - 0x00007ff97a7ea000 	C:\Windows\System32\rasadhlp.dll
0x00007ff97c940000 - 0x00007ff97c9b7000 	C:\WINDOWS\System32\fwpuclnt.dll
0x00007ff985070000 - 0x00007ff985096000 	C:\WINDOWS\System32\bcrypt.dll

dbghelp: loaded successfully - version: 4.0.5 - missing functions: none
symbol engine: initialized successfully - sym options: 0x614 - pdb path: .;C:\Program Files\Java\jdk-14.0.2\bin;C:\WINDOWS\SYSTEM32;C:\WINDOWS\WinSxS\amd64_microsoft.windows.common-controls_6595b64144ccf1df_6.0.18362.1139_none_9e7bf2d3e4605ac6;C:\Program Files\Java\jdk-14.0.2\bin\server

VM Arguments:
jvm_args: -Dfile.encoding=x-windows-949 -Duser.country=KR -Duser.language=ko -Duser.variant 
java_command: com.sample.video.VideoApplication
java_class_path (initial): C:\Users\chlee\MuJam\build\classes\java\main;C:\Users\chlee\MuJam\build\resources\main;C:\Users\chlee\.gradle\caches\modules-2\files-2.1\org.apache.tomcat.embed\tomcat-embed-jasper\9.0.38\876f8322776e84613603b519bb8e3f96986ec1e5\tomcat-embed-jasper-9.0.38.jar;C:\Users\chlee\.gradle\caches\modules-2\files-2.1\javax.servlet\jstl\1.2\74aca283cd4f4b4f3e425f5820cda58f44409547\jstl-1.2.jar;C:\Users\chlee\.gradle\caches\modules-2\files-2.1\org.springframework.boot\spring-boot-starter-data-jpa\2.3.4.RELEASE\a8b9828649248d762d1d3fc6898c8d7e471e1a8e\spring-boot-starter-data-jpa-2.3.4.RELEASE.jar;C:\Users\chlee\.gradle\caches\modules-2\files-2.1\mysql\mysql-connector-java\8.0.21\53fd3a0887667aae7e40a3439fff2d03d93ec4c2\mysql-connector-java-8.0.21.jar;C:\Users\chlee\.gradle\caches\modules-2\files-2.1\org.springframework.boot\spring-boot-starter-web\2.3.4.RELEASE\fe00611add5307c1f25f955b5229b7dddaaa2ff4\spring-boot-starter-web-2.3.4.RELEASE.jar;C:\Users\chlee\.gradle\caches\modules-2\files-2.1\org.springframework.boot\spring-boot-starter-tomcat\2.3.4.RELEASE\acffbb94a26dd1b7e9c38795797197e2dcb9d2e5\spring-boot-starter-tomcat-2.3.4.RELEASE.jar;C:\Users\chlee\.gradle\caches\modules-2\files-2.1\org.apache.tomcat.embed\tomcat-embed-websocket\9.0.38\5d33c7736d192dff22bb5a7bef3ac2095573f91a\tomcat-embed-websocket-9.0.38.jar;C:\Users\chlee\.gradle\caches\modules-2\files-2.1\org.apache.tomcat.embed\tomcat-embed-core\9.0.38\368aac73f9274896fa8cccf20f4799533629471c\tomcat-embed-core-9.0.38.jar;C:\Users\chlee\.gradle\caches\modules-2\files-2.1\org.apache.tomcat.embed\tomcat-embed-el\9.0.38\5029e794adf6c313f84f49f788dcac5a753def62\tomcat-embed-el-9.0.38.jar;C:\Users\chlee\.gradle\caches\modules-2\files-2.1\org.eclipse.jdt\ecj\3.18.0\4d5d0911b30db24c8eb844702c8adf8e434314ff\ecj-3.18.0.jar;C:\Users\chlee\.gradle\caches\modules-2\files-2.1\org.springframework.boot\spring-boot-starter-aop\2.3.4.RELEASE\d3f6346c22a693830f2b7099b8a2dd531f771a4b\spring-boot-starter-aop
Launcher Type: SUN_STANDARD

[Global flags]
     intx CICompilerCount                          = 3                                         {product} {ergonomic}
     uint ConcGCThreads                            = 1                                         {product} {ergonomic}
     uint G1ConcRefinementThreads                  = 4                                         {product} {ergonomic}
   size_t G1HeapRegionSize                         = 1048576                                   {product} {ergonomic}
    uintx GCDrainStackTargetSize                   = 64                                        {product} {ergonomic}
   size_t InitialHeapSize                          = 58720256                                  {product} {ergonomic}
   size_t MarkStackSize                            = 4194304                                   {product} {ergonomic}
   size_t MaxHeapSize                              = 926941184                                 {product} {ergonomic}
   size_t MaxNewSize                               = 555745280                                 {product} {ergonomic}
   size_t MinHeapDeltaBytes                        = 1048576                                   {product} {ergonomic}
   size_t MinHeapSize                              = 8388608                                   {product} {ergonomic}
    uintx NonNMethodCodeHeapSize                   = 5832780                                {pd product} {ergonomic}
    uintx NonProfiledCodeHeapSize                  = 122912730                              {pd product} {ergonomic}
    uintx ProfiledCodeHeapSize                     = 122912730                              {pd product} {ergonomic}
    uintx ReservedCodeCacheSize                    = 251658240                              {pd product} {ergonomic}
     bool SegmentedCodeCache                       = true                                      {product} {ergonomic}
   size_t SoftMaxHeapSize                          = 926941184                              {manageable} {ergonomic}
     bool UseCompressedClassPointers               = true                                 {lp64_product} {ergonomic}
     bool UseCompressedOops                        = true                                 {lp64_product} {ergonomic}
     bool UseG1GC                                  = true                                      {product} {ergonomic}
     bool UseLargePagesIndividualAllocation        = false                                  {pd product} {ergonomic}

Logging:
Log output configuration:
 #0: stdout all=warning uptime,level,tags
 #1: stderr all=off uptime,level,tags

Environment Variables:
PATH=C:\app\chlee\product\11.2.0\dbhome_1\bin;C:\app\¿Ã√∂«‡\product\11.2.0\dbhome_1\bin;C:;Program Files (x86)\Common Files\Oracle\Java\javapath;C:\oraclexe\app\oracle\product\11.2.0\server\bin;C:\WINDOWS\system32;C:\WINDOWS;C:\WINDOWS\System32\Wbem;C:\WINDOWS\System32\WindowsPowerShell\v1.0\;C:\WINDOWS\System32\OpenSSH\;C:\Program Files\Intel\WiFi\bin\;C:\Program Files\Common Files\Intel\WirelessCommon\;C:\Program Files\nodejs\;C:\Go\bin;C:\Program Files\Git\cmd;C:\Program Files\MySQL\MySQL Shell 8.0\bin\;C:\Users\chlee\AppData\Local\Microsoft\WindowsApps;C:\Users\chlee\AppData\Local\GitHubDesktop\bin;C:\Program Files\JetBrains\IntelliJ IDEA 2020.2.1\bin;;C:\Users\chlee\go\bin;C:\Program Files\JetBrains\IntelliJ IDEA Community Edition 2020.2.3\bin;
USERNAME=chlee
OS=Windows_NT
PROCESSOR_IDENTIFIER=AMD64 Family 23 Model 17 Stepping 0, AuthenticAMD



---------------  S Y S T E M  ---------------

OS: Windows 10 , 64 bit Build 18362 (10.0.18362.1110)
OS uptime: 0 days 8:12 hours

CPU:total 4 (initial active 4) (4 cores per cpu, 2 threads per core) family 23 model 17 stepping 0, cmov, cx8, fxsr, mmx, sse, sse2, sse3, ssse3, sse4.1, sse4.2, popcnt, avx, avx2, aes, clmul, mmxext, 3dnowpref, lzcnt, sse4a, ht, tsc, tscinvbit, tscinv, bmi1, bmi2, adx, sha, fma

Memory: 4k page, system-wide physical 3529M (330M free)
TotalPageFile size 14281M (AvailPageFile size 1M)
current process WorkingSet (physical memory assigned to process): 110M, peak: 110M
current process commit charge ("private bytes"): 165M, peak: 165M

vm_info: Java HotSpot(TM) 64-Bit Server VM (14.0.2+12-46) for windows-amd64 JRE (14.0.2+12-46), built on Jul  9 2020 00:35:52 by "mach5one" with MS VC++ 15.9 (VS2017)

END.
