#
# There is insufficient memory for the Java Runtime Environment to continue.
# Native memory allocation (malloc) failed to allocate 2851824 bytes for Chunk::new
# Possible reasons:
#   The system is out of physical RAM or swap space
#   The process is running with CompressedOops enabled, and the Java Heap may be blocking the growth of the native heap
# Possible solutions:
#   Reduce memory load on the system
#   Increase physical memory or swap space
#   Check if swap backing store is full
#   Decrease Java heap size (-Xmx/-Xms)
#   Decrease number of Java threads
#   Decrease Java thread stack sizes (-Xss)
#   Set larger code cache with -XX:ReservedCodeCacheSize=
#   JVM is running with Unscaled Compressed Oops mode in which the Java heap is
#     placed in the first 4GB address space. The Java Heap base address is the
#     maximum limit for the native heap growth. Please use -XX:HeapBaseMinAddress
#     to set the Java Heap base and to place the Java Heap above 4GB virtual address.
# This output file may be truncated or incomplete.
#
#  Out of Memory Error (./open/src/hotspot/share/memory/arena.cpp:195), pid=20332, tid=18256
#
# JRE version: Java(TM) SE Runtime Environment (14.0.2+12) (build 14.0.2+12-46)
# Java VM: Java HotSpot(TM) 64-Bit Server VM (14.0.2+12-46, mixed mode, sharing, tiered, compressed oops, g1 gc, windows-amd64)
# No core dump will be written. Minidumps are not enabled by default on client versions of Windows
#

---------------  S U M M A R Y ------------

Command Line: -Dfile.encoding=x-windows-949 -Duser.country=KR -Duser.language=ko -Duser.variant com.sample.video.VideoApplication

Host: AMD Ryzen 3 2200U with Radeon Vega Mobile Gfx  , 4 cores, 3G,  Windows 10 , 64 bit Build 18362 (10.0.18362.1110)
Time: Sat Oct 31 17:36:41 2020 ¢•eCN©ˆI°æ©ˆ C°ÕA®™®ˆA elapsed time: 44 seconds (0d 0h 0m 44s)

---------------  T H R E A D  ---------------

Current thread (0x000002017a348000):  JavaThread "C2 CompilerThread0" daemon [_thread_in_native, id=18256, stack(0x000000a346700000,0x000000a346800000)]


Current CompileTask:
C2:  44806 6337       4       org.eclipse.jdt.internal.compiler.lookup.BinaryTypeBinding::createMethod (1613 bytes)

Stack: [0x000000a346700000,0x000000a346800000]
Native frames: (J=compiled Java code, j=interpreted, Vv=VM code, C=native code)
V  [jvm.dll+0x5f8a9a]
V  [jvm.dll+0x74247a]
V  [jvm.dll+0x743c2f]
V  [jvm.dll+0x744273]
V  [jvm.dll+0x20d288]
V  [jvm.dll+0xabb07]
V  [jvm.dll+0xac1fc]
V  [jvm.dll+0x31c495]
V  [jvm.dll+0x2e6b38]
V  [jvm.dll+0x2e5f3a]
V  [jvm.dll+0x1e5e16]
V  [jvm.dll+0x1e50b8]
V  [jvm.dll+0x1779cc]
V  [jvm.dll+0x1f4105]
V  [jvm.dll+0x1f22eb]
V  [jvm.dll+0x7070cd]
V  [jvm.dll+0x6ffeda]
V  [jvm.dll+0x5f78f6]
C  [ucrtbase.dll+0x210b2]
C  [KERNEL32.DLL+0x17c24]
C  [ntdll.dll+0x6cea1]


---------------  P R O C E S S  ---------------

Threads class SMR info:
_java_thread_list=0x000002017bb64440, length=31, elements={
0x000002017a320800, 0x000002017a323000, 0x000002017a343000, 0x000002017a344800,
0x000002017a347000, 0x000002017a348000, 0x000002017a349800, 0x000002017a35c800,
0x000002017ad46800, 0x000002017ad4d000, 0x000002017bcb5000, 0x000002017d9ed800,
0x000002017da1b800, 0x000002017da1e000, 0x000002017d674800, 0x000002017c7e9800,
0x000002017d3da000, 0x000002017d3d8800, 0x000002017d3da800, 0x000002017d3d9000,
0x000002017ed73800, 0x000002017ed75000, 0x000002017ed70000, 0x000002017ed74800,
0x000002017ed72800, 0x000002017ed71000, 0x000002017ed76000, 0x000002017ed77000,
0x000002017ed77800, 0x000002017ed72000, 0x000002017ed7e000
}

Java Threads: ( => current thread )
  0x000002017a320800 JavaThread "Reference Handler" daemon [_thread_blocked, id=18632, stack(0x000000a346200000,0x000000a346300000)]
  0x000002017a323000 JavaThread "Finalizer" daemon [_thread_blocked, id=15644, stack(0x000000a346300000,0x000000a346400000)]
  0x000002017a343000 JavaThread "Signal Dispatcher" daemon [_thread_blocked, id=16816, stack(0x000000a346400000,0x000000a346500000)]
  0x000002017a344800 JavaThread "Attach Listener" daemon [_thread_blocked, id=15524, stack(0x000000a346500000,0x000000a346600000)]
  0x000002017a347000 JavaThread "Service Thread" daemon [_thread_blocked, id=19628, stack(0x000000a346600000,0x000000a346700000)]
=>0x000002017a348000 JavaThread "C2 CompilerThread0" daemon [_thread_in_native, id=18256, stack(0x000000a346700000,0x000000a346800000)]
  0x000002017a349800 JavaThread "C1 CompilerThread0" daemon [_thread_blocked, id=20368, stack(0x000000a346800000,0x000000a346900000)]
  0x000002017a35c800 JavaThread "Sweeper thread" daemon [_thread_blocked, id=18968, stack(0x000000a346900000,0x000000a346a00000)]
  0x000002017ad46800 JavaThread "Notification Thread" daemon [_thread_blocked, id=13824, stack(0x000000a346a00000,0x000000a346b00000)]
  0x000002017ad4d000 JavaThread "Common-Cleaner" daemon [_thread_blocked, id=19892, stack(0x000000a346c00000,0x000000a346d00000)]
  0x000002017bcb5000 JavaThread "Catalina-utility-1" [_thread_blocked, id=20020, stack(0x000000a346e00000,0x000000a346f00000)]
  0x000002017d9ed800 JavaThread "Catalina-utility-2" [_thread_blocked, id=20060, stack(0x000000a347100000,0x000000a347200000)]
  0x000002017da1b800 JavaThread "container-0" [_thread_blocked, id=1220, stack(0x000000a347200000,0x000000a347300000)]
  0x000002017da1e000 JavaThread "mysql-cj-abandoned-connection-cleanup" daemon [_thread_blocked, id=14448, stack(0x000000a347300000,0x000000a347400000)]
  0x000002017d674800 JavaThread "HikariPool-1 housekeeper" daemon [_thread_blocked, id=15564, stack(0x000000a347500000,0x000000a347600000)]
  0x000002017c7e9800 JavaThread "task-1" [_thread_blocked, id=18964, stack(0x000000a347700000,0x000000a347800000)]
  0x000002017d3da000 JavaThread "task-2" [_thread_blocked, id=17272, stack(0x000000a347800000,0x000000a347900000)]
  0x000002017d3d8800 JavaThread "http-nio-8080-BlockPoller" daemon [_thread_in_native, id=13004, stack(0x000000a347600000,0x000000a347700000)]
  0x000002017d3da800 JavaThread "http-nio-8080-exec-1" daemon [_thread_in_native, id=5188, stack(0x000000a347900000,0x000000a347a00000)]
  0x000002017d3d9000 JavaThread "http-nio-8080-exec-2" daemon [_thread_blocked, id=3300, stack(0x000000a347a00000,0x000000a347b00000)]
  0x000002017ed73800 JavaThread "http-nio-8080-exec-3" daemon [_thread_blocked, id=19036, stack(0x000000a347b00000,0x000000a347c00000)]
  0x000002017ed75000 JavaThread "http-nio-8080-exec-4" daemon [_thread_blocked, id=4684, stack(0x000000a347c00000,0x000000a347d00000)]
  0x000002017ed70000 JavaThread "http-nio-8080-exec-5" daemon [_thread_blocked, id=18896, stack(0x000000a347d00000,0x000000a347e00000)]
  0x000002017ed74800 JavaThread "http-nio-8080-exec-6" daemon [_thread_blocked, id=17952, stack(0x000000a347e00000,0x000000a347f00000)]
  0x000002017ed72800 JavaThread "http-nio-8080-exec-7" daemon [_thread_blocked, id=19108, stack(0x000000a347f00000,0x000000a348000000)]
  0x000002017ed71000 JavaThread "http-nio-8080-exec-8" daemon [_thread_blocked, id=9168, stack(0x000000a348000000,0x000000a348100000)]
  0x000002017ed76000 JavaThread "http-nio-8080-exec-9" daemon [_thread_blocked, id=9728, stack(0x000000a348100000,0x000000a348200000)]
  0x000002017ed77000 JavaThread "http-nio-8080-exec-10" daemon [_thread_blocked, id=17500, stack(0x000000a348200000,0x000000a348300000)]
  0x000002017ed77800 JavaThread "http-nio-8080-ClientPoller" daemon [_thread_in_native, id=14296, stack(0x000000a348300000,0x000000a348400000)]
  0x000002017ed72000 JavaThread "http-nio-8080-Acceptor" daemon [_thread_in_native, id=18028, stack(0x000000a348400000,0x000000a348500000)]
  0x000002017ed7e000 JavaThread "DestroyJavaVM" [_thread_blocked, id=19840, stack(0x000000a345b00000,0x000000a345c00000)]

Other Threads:
  0x000002017a31e800 VMThread "VM Thread" [stack: 0x000000a346100000,0x000000a346200000] [id=16604]
  0x000002017ad34000 WatcherThread [stack: 0x000000a346b00000,0x000000a346c00000] [id=8668]
  0x000002015c6f0800 GCTaskThread "GC Thread#0" [stack: 0x000000a345c00000,0x000000a345d00000] [id=18716]
  0x000002017af7f800 GCTaskThread "GC Thread#1" [stack: 0x000000a346d00000,0x000000a346e00000] [id=2416]
  0x000002017babf000 GCTaskThread "GC Thread#2" [stack: 0x000000a346f00000,0x000000a347000000] [id=17524]
  0x000002017babb800 GCTaskThread "GC Thread#3" [stack: 0x000000a347000000,0x000000a347100000] [id=18988]
  0x000002015c6f9800 ConcurrentGCThread "G1 Main Marker" [stack: 0x000000a345d00000,0x000000a345e00000] [id=20204]
  0x000002015c6fb000 ConcurrentGCThread "G1 Conc#0" [stack: 0x000000a345e00000,0x000000a345f00000] [id=11668]
  0x000002015c779000 ConcurrentGCThread "G1 Refine#0" [stack: 0x000000a345f00000,0x000000a346000000] [id=17696]
  0x000002015c77b000 ConcurrentGCThread "G1 Young RemSet Sampling" [stack: 0x000000a346000000,0x000000a346100000] [id=11680]

Threads with active compile tasks:
C2 CompilerThread0    44899 6337       4       org.eclipse.jdt.internal.compiler.lookup.BinaryTypeBinding::createMethod (1613 bytes)

VM state:not at safepoint (normal execution)

VM Mutex/Monitor currently owned by a thread: None

Heap address: 0x00000000c8c00000, size: 884 MB, Compressed Oops mode: 32-bit
Narrow klass base: 0x0000000800000000, Narrow klass shift: 3
Compressed class space size: 1073741824 Address: 0x0000000800b30000

Heap:
 garbage-first heap   total 51200K, used 40163K [0x00000000c8c00000, 0x0000000100000000)
  region size 1024K, 17 young (17408K), 2 survivors (2048K)
 Metaspace       used 65484K, capacity 66987K, committed 67072K, reserved 1107968K
  class space    used 8105K, capacity 8655K, committed 8704K, reserved 1048576K
Heap Regions: E=young(eden), S=young(survivor), O=old, HS=humongous(starts), HC=humongous(continues), CS=collection set, F=free, OA=open archive, CA=closed archive, TAMS=top-at-mark-start (previous, next)
|   0|0x00000000c8c00000, 0x00000000c8d00000, 0x00000000c8d00000|100%|HS|  |TAMS 0x00000000c8d00000, 0x00000000c8c00000| Complete 
|   1|0x00000000c8d00000, 0x00000000c8e00000, 0x00000000c8e00000|100%| O|  |TAMS 0x00000000c8e00000, 0x00000000c8d00000| Untracked 
|   2|0x00000000c8e00000, 0x00000000c8f00000, 0x00000000c8f00000|100%| O|  |TAMS 0x00000000c8f00000, 0x00000000c8e00000| Untracked 
|   3|0x00000000c8f00000, 0x00000000c9000000, 0x00000000c9000000|100%| O|  |TAMS 0x00000000c9000000, 0x00000000c8f00000| Untracked 
|   4|0x00000000c9000000, 0x00000000c9100000, 0x00000000c9100000|100%| O|  |TAMS 0x00000000c9100000, 0x00000000c9000000| Untracked 
|   5|0x00000000c9100000, 0x00000000c9200000, 0x00000000c9200000|100%| O|  |TAMS 0x00000000c9200000, 0x00000000c9100000| Untracked 
|   6|0x00000000c9200000, 0x00000000c9300000, 0x00000000c9300000|100%| O|  |TAMS 0x00000000c9300000, 0x00000000c9200000| Untracked 
|   7|0x00000000c9300000, 0x00000000c9400000, 0x00000000c9400000|100%| O|  |TAMS 0x00000000c9400000, 0x00000000c9300000| Untracked 
|   8|0x00000000c9400000, 0x00000000c9500000, 0x00000000c9500000|100%| O|  |TAMS 0x00000000c9500000, 0x00000000c9400000| Untracked 
|   9|0x00000000c9500000, 0x00000000c9600000, 0x00000000c9600000|100%| O|  |TAMS 0x00000000c9600000, 0x00000000c9500000| Untracked 
|  10|0x00000000c9600000, 0x00000000c9700000, 0x00000000c9700000|100%| O|  |TAMS 0x00000000c9700000, 0x00000000c9600000| Untracked 
|  11|0x00000000c9700000, 0x00000000c9800000, 0x00000000c9800000|100%| O|  |TAMS 0x00000000c9800000, 0x00000000c9700000| Untracked 
|  12|0x00000000c9800000, 0x00000000c9900000, 0x00000000c9900000|100%| O|  |TAMS 0x00000000c9900000, 0x00000000c9800000| Untracked 
|  13|0x00000000c9900000, 0x00000000c9a00000, 0x00000000c9a00000|100%| O|  |TAMS 0x00000000c9a00000, 0x00000000c9900000| Untracked 
|  14|0x00000000c9a00000, 0x00000000c9b00000, 0x00000000c9b00000|100%| O|  |TAMS 0x00000000c9b00000, 0x00000000c9a00000| Untracked 
|  15|0x00000000c9b00000, 0x00000000c9c00000, 0x00000000c9c00000|100%| O|  |TAMS 0x00000000c9c00000, 0x00000000c9b00000| Untracked 
|  16|0x00000000c9c00000, 0x00000000c9d00000, 0x00000000c9d00000|100%| O|  |TAMS 0x00000000c9d00000, 0x00000000c9c00000| Untracked 
|  17|0x00000000c9d00000, 0x00000000c9e00000, 0x00000000c9e00000|100%| O|  |TAMS 0x00000000c9e00000, 0x00000000c9d00000| Untracked 
|  18|0x00000000c9e00000, 0x00000000c9f00000, 0x00000000c9f00000|100%| O|  |TAMS 0x00000000c9f00000, 0x00000000c9e00000| Untracked 
|  19|0x00000000c9f00000, 0x00000000ca000000, 0x00000000ca000000|100%| O|  |TAMS 0x00000000ca000000, 0x00000000c9f00000| Untracked 
|  20|0x00000000ca000000, 0x00000000ca100000, 0x00000000ca100000|100%| O|  |TAMS 0x00000000ca100000, 0x00000000ca000000| Untracked 
|  21|0x00000000ca100000, 0x00000000ca200000, 0x00000000ca200000|100%| O|  |TAMS 0x00000000ca200000, 0x00000000ca100000| Untracked 
|  22|0x00000000ca200000, 0x00000000ca300000, 0x00000000ca300000|100%| O|  |TAMS 0x00000000ca300000, 0x00000000ca200000| Untracked 
|  23|0x00000000ca300000, 0x00000000ca400000, 0x00000000ca400000|100%| O|  |TAMS 0x00000000ca400000, 0x00000000ca300000| Untracked 
|  24|0x00000000ca400000, 0x00000000ca4ecc00, 0x00000000ca500000| 92%| O|  |TAMS 0x00000000ca4ecc00, 0x00000000ca400000| Untracked 
|  25|0x00000000ca500000, 0x00000000ca500000, 0x00000000ca600000|  0%| F|  |TAMS 0x00000000ca500000, 0x00000000ca500000| Untracked 
|  26|0x00000000ca600000, 0x00000000ca600000, 0x00000000ca700000|  0%| F|  |TAMS 0x00000000ca600000, 0x00000000ca600000| Untracked 
|  27|0x00000000ca700000, 0x00000000ca700000, 0x00000000ca800000|  0%| F|  |TAMS 0x00000000ca700000, 0x00000000ca700000| Untracked 
|  28|0x00000000ca800000, 0x00000000ca800000, 0x00000000ca900000|  0%| F|  |TAMS 0x00000000ca800000, 0x00000000ca800000| Untracked 
|  29|0x00000000ca900000, 0x00000000ca900000, 0x00000000caa00000|  0%| F|  |TAMS 0x00000000ca900000, 0x00000000ca900000| Untracked 
|  30|0x00000000caa00000, 0x00000000caa00000, 0x00000000cab00000|  0%| F|  |TAMS 0x00000000caa00000, 0x00000000caa00000| Untracked 
|  31|0x00000000cab00000, 0x00000000cab4c030, 0x00000000cac00000| 29%| S|CS|TAMS 0x00000000cab00000, 0x00000000cab00000| Complete 
|  32|0x00000000cac00000, 0x00000000cad00000, 0x00000000cad00000|100%| S|CS|TAMS 0x00000000cac00000, 0x00000000cac00000| Complete 
|  33|0x00000000cad00000, 0x00000000cad00000, 0x00000000cae00000|  0%| F|  |TAMS 0x00000000cad00000, 0x00000000cad00000| Untracked 
|  34|0x00000000cae00000, 0x00000000cae00000, 0x00000000caf00000|  0%| F|  |TAMS 0x00000000cae00000, 0x00000000cae00000| Untracked 
|  35|0x00000000caf00000, 0x00000000caf426a8, 0x00000000cb000000| 25%| E|  |TAMS 0x00000000caf00000, 0x00000000caf00000| Complete 
|  36|0x00000000cb000000, 0x00000000cb100000, 0x00000000cb100000|100%| E|CS|TAMS 0x00000000cb000000, 0x00000000cb000000| Complete 
|  37|0x00000000cb100000, 0x00000000cb200000, 0x00000000cb200000|100%| E|CS|TAMS 0x00000000cb100000, 0x00000000cb100000| Complete 
|  38|0x00000000cb200000, 0x00000000cb300000, 0x00000000cb300000|100%| E|CS|TAMS 0x00000000cb200000, 0x00000000cb200000| Complete 
|  39|0x00000000cb300000, 0x00000000cb400000, 0x00000000cb400000|100%| E|CS|TAMS 0x00000000cb300000, 0x00000000cb300000| Complete 
|  40|0x00000000cb400000, 0x00000000cb500000, 0x00000000cb500000|100%| E|CS|TAMS 0x00000000cb400000, 0x00000000cb400000| Complete 
|  41|0x00000000cb500000, 0x00000000cb600000, 0x00000000cb600000|100%| E|CS|TAMS 0x00000000cb500000, 0x00000000cb500000| Complete 
|  42|0x00000000cb600000, 0x00000000cb700000, 0x00000000cb700000|100%| E|CS|TAMS 0x00000000cb600000, 0x00000000cb600000| Complete 
|  43|0x00000000cb700000, 0x00000000cb800000, 0x00000000cb800000|100%| E|CS|TAMS 0x00000000cb700000, 0x00000000cb700000| Complete 
|  44|0x00000000cb800000, 0x00000000cb900000, 0x00000000cb900000|100%| E|CS|TAMS 0x00000000cb800000, 0x00000000cb800000| Complete 
|  45|0x00000000cb900000, 0x00000000cba00000, 0x00000000cba00000|100%| E|  |TAMS 0x00000000cb900000, 0x00000000cb900000| Complete 
|  46|0x00000000cba00000, 0x00000000cbb00000, 0x00000000cbb00000|100%| E|CS|TAMS 0x00000000cba00000, 0x00000000cba00000| Complete 
|  47|0x00000000cbb00000, 0x00000000cbc00000, 0x00000000cbc00000|100%| E|CS|TAMS 0x00000000cbb00000, 0x00000000cbb00000| Complete 
|  48|0x00000000cbc00000, 0x00000000cbd00000, 0x00000000cbd00000|100%| E|CS|TAMS 0x00000000cbc00000, 0x00000000cbc00000| Complete 
|  55|0x00000000cc300000, 0x00000000cc400000, 0x00000000cc400000|100%| E|CS|TAMS 0x00000000cc300000, 0x00000000cc300000| Complete 

Card table byte_map: [0x0000020175e40000,0x0000020176000000] _byte_map_base: 0x00000201757fa000

Marking Bits (Prev, Next): (CMBitMap*) 0x000002015c6f1598, (CMBitMap*) 0x000002015c6f15d8
 Prev Bits: [0x00000201761c0000, 0x0000020176f90000)
 Next Bits: [0x0000020176f90000, 0x0000020177d60000)

Polling page: 0x000002015c470000

Metaspace:

Usage:
  Non-class:     56.96 MB capacity,    56.03 MB ( 98%) used,   762.78 KB (  1%) free+waste,   189.94 KB ( <1%) overhead. 
      Class:      8.45 MB capacity,     7.92 MB ( 94%) used,   463.45 KB (  5%) free+waste,    86.06 KB ( <1%) overhead. 
       Both:     65.42 MB capacity,    63.95 MB ( 98%) used,     1.20 MB (  2%) free+waste,   276.00 KB ( <1%) overhead. 

Virtual space:
  Non-class space:       58.00 MB reserved,      57.00 MB ( 98%) committed 
      Class space:        1.00 GB reserved,       8.50 MB ( <1%) committed 
             Both:        1.06 GB reserved,      65.50 MB (  6%) committed 

Chunk freelists:
   Non-Class:  36.00 KB
       Class:  17.00 KB
        Both:  53.00 KB

MaxMetaspaceSize: 17179869184.00 GB
CompressedClassSpaceSize: 1.00 GB

CodeHeap 'non-profiled nmethods': size=120000Kb used=3460Kb max_used=3460Kb free=116539Kb
 bounds [0x000002016e130000, 0x000002016e4a0000, 0x0000020175660000]
CodeHeap 'profiled nmethods': size=120000Kb used=14713Kb max_used=14713Kb free=105286Kb
 bounds [0x0000020166c00000, 0x0000020167a60000, 0x000002016e130000]
CodeHeap 'non-nmethods': size=5760Kb used=1342Kb max_used=1402Kb free=4417Kb
 bounds [0x0000020166660000, 0x00000201668d0000, 0x0000020166c00000]
 total_blobs=6321 nmethods=5679 adapters=554
 compilation: enabled
              stopped_count=0, restarted_count=0
 full_count=0

Compilation events (20 events):
Event: 44.782 Thread 0x000002017a349800 6391       3       java.net.JarURLConnection::parseSpecs (134 bytes)
Event: 44.783 Thread 0x000002017a349800 nmethod 6391 0x0000020167a52d90 code [0x0000020167a530c0, 0x0000020167a54228]
Event: 44.783 Thread 0x000002017a349800 6392       3       sun.net.www.protocol.jar.JarURLConnection::getInputStream (97 bytes)
Event: 44.784 Thread 0x000002017a349800 nmethod 6392 0x0000020167a54890 code [0x0000020167a54b80, 0x0000020167a55b48]
Event: 44.784 Thread 0x000002017a349800 6393   !   3       sun.net.www.protocol.jar.JarURLConnection::connect (163 bytes)
Event: 44.786 Thread 0x000002017a349800 nmethod 6393 0x0000020167a56090 code [0x0000020167a56400, 0x0000020167a57a88]
Event: 44.786 Thread 0x000002017a349800 6399       1       org.eclipse.jdt.internal.compiler.lookup.VariableBinding::setConstant (6 bytes)
Event: 44.786 Thread 0x000002017a349800 nmethod 6399 0x000002016e490990 code [0x000002016e490b20, 0x000002016e490c38]
Event: 44.786 Thread 0x000002017a349800 6401       1       org.eclipse.jdt.internal.compiler.ast.ASTNode::isThis (2 bytes)
Event: 44.786 Thread 0x000002017a349800 nmethod 6401 0x000002016e490c90 code [0x000002016e490e20, 0x000002016e490ef8]
Event: 44.787 Thread 0x000002017a349800 6418       3       org.eclipse.jdt.internal.compiler.util.Util::getLineNumber (89 bytes)
Event: 44.787 Thread 0x000002017a349800 nmethod 6418 0x0000020167a58110 code [0x0000020167a582e0, 0x0000020167a586b8]
Event: 44.788 Thread 0x000002017a349800 6419       3       org.eclipse.jdt.internal.compiler.codegen.VerificationTypeInfo::equals (43 bytes)
Event: 44.788 Thread 0x000002017a349800 nmethod 6419 0x0000020167a58890 code [0x0000020167a58a60, 0x0000020167a58f08]
Event: 44.789 Thread 0x000002017a349800 6421       3       java.util.ArrayList::sort (45 bytes)
Event: 44.789 Thread 0x000002017a349800 nmethod 6421 0x0000020167a59010 code [0x0000020167a591c0, 0x0000020167a59458]
Event: 44.790 Thread 0x000002017a349800 6422       3       org.eclipse.jdt.internal.compiler.lookup.MethodBinding::isConstructor (14 bytes)
Event: 44.790 Thread 0x000002017a349800 nmethod 6422 0x0000020167a59590 code [0x0000020167a59720, 0x0000020167a59898]
Event: 44.791 Thread 0x000002017a349800 6423       3       org.eclipse.jdt.internal.compiler.ast.CastExpression::generateCode (274 bytes)
Event: 44.792 Thread 0x000002017a349800 nmethod 6423 0x0000020167a59910 code [0x0000020167a59bc0, 0x0000020167a5ae68]

GC Heap History (20 events):
Event: 23.645 GC heap before
{Heap before GC invocations=24 (full 0):
 garbage-first heap   total 40960K, used 34040K [0x00000000c8c00000, 0x0000000100000000)
  region size 1024K, 14 young (14336K), 1 survivors (1024K)
 Metaspace       used 48000K, capacity 49117K, committed 49408K, reserved 1091584K
  class space    used 6395K, capacity 6829K, committed 6912K, reserved 1048576K
}
Event: 23.649 GC heap after
{Heap after GC invocations=25 (full 0):
 garbage-first heap   total 40960K, used 21815K [0x00000000c8c00000, 0x0000000100000000)
  region size 1024K, 2 young (2048K), 2 survivors (2048K)
 Metaspace       used 48000K, capacity 49117K, committed 49408K, reserved 1091584K
  class space    used 6395K, capacity 6829K, committed 6912K, reserved 1048576K
}
Event: 23.988 GC heap before
{Heap before GC invocations=25 (full 0):
 garbage-first heap   total 40960K, used 32055K [0x00000000c8c00000, 0x0000000100000000)
  region size 1024K, 13 young (13312K), 2 survivors (2048K)
 Metaspace       used 49321K, capacity 50473K, committed 50560K, reserved 1093632K
  class space    used 6572K, capacity 7020K, committed 7040K, reserved 1048576K
}
Event: 23.993 GC heap after
{Heap after GC invocations=26 (full 0):
 garbage-first heap   total 40960K, used 22981K [0x00000000c8c00000, 0x0000000100000000)
  region size 1024K, 2 young (2048K), 2 survivors (2048K)
 Metaspace       used 49321K, capacity 50473K, committed 50560K, reserved 1093632K
  class space    used 6572K, capacity 7020K, committed 7040K, reserved 1048576K
}
Event: 24.481 GC heap before
{Heap before GC invocations=27 (full 0):
 garbage-first heap   total 43008K, used 33221K [0x00000000c8c00000, 0x0000000100000000)
  region size 1024K, 12 young (12288K), 2 survivors (2048K)
 Metaspace       used 51054K, capacity 52289K, committed 52352K, reserved 1093632K
  class space    used 6766K, capacity 7263K, committed 7296K, reserved 1048576K
}
Event: 24.484 GC heap after
{Heap after GC invocations=28 (full 0):
 garbage-first heap   total 43008K, used 23714K [0x00000000c8c00000, 0x0000000100000000)
  region size 1024K, 1 young (1024K), 1 survivors (1024K)
 Metaspace       used 51054K, capacity 52289K, committed 52352K, reserved 1093632K
  class space    used 6766K, capacity 7263K, committed 7296K, reserved 1048576K
}
Event: 25.373 GC heap before
{Heap before GC invocations=28 (full 0):
 garbage-first heap   total 43008K, used 33954K [0x00000000c8c00000, 0x0000000100000000)
  region size 1024K, 11 young (11264K), 1 survivors (1024K)
 Metaspace       used 51882K, capacity 53214K, committed 53376K, reserved 1095680K
  class space    used 6899K, capacity 7441K, committed 7552K, reserved 1048576K
}
Event: 25.376 GC heap after
{Heap after GC invocations=29 (full 0):
 garbage-first heap   total 43008K, used 24131K [0x00000000c8c00000, 0x0000000100000000)
  region size 1024K, 2 young (2048K), 2 survivors (2048K)
 Metaspace       used 51882K, capacity 53214K, committed 53376K, reserved 1095680K
  class space    used 6899K, capacity 7441K, committed 7552K, reserved 1048576K
}
Event: 26.073 GC heap before
{Heap before GC invocations=30 (full 0):
 garbage-first heap   total 45056K, used 34371K [0x00000000c8c00000, 0x0000000100000000)
  region size 1024K, 12 young (12288K), 2 survivors (2048K)
 Metaspace       used 52985K, capacity 54380K, committed 54528K, reserved 1095680K
  class space    used 7043K, capacity 7595K, committed 7680K, reserved 1048576K
}
Event: 26.076 GC heap after
{Heap after GC invocations=31 (full 0):
 garbage-first heap   total 45056K, used 24737K [0x00000000c8c00000, 0x0000000100000000)
  region size 1024K, 2 young (2048K), 2 survivors (2048K)
 Metaspace       used 52985K, capacity 54380K, committed 54528K, reserved 1095680K
  class space    used 7043K, capacity 7595K, committed 7680K, reserved 1048576K
}
Event: 40.570 GC heap before
{Heap before GC invocations=31 (full 0):
 garbage-first heap   total 45056K, used 34977K [0x00000000c8c00000, 0x0000000100000000)
  region size 1024K, 12 young (12288K), 2 survivors (2048K)
 Metaspace       used 54280K, capacity 55708K, committed 55936K, reserved 1097728K
  class space    used 7180K, capacity 7736K, committed 7808K, reserved 1048576K
}
Event: 40.574 GC heap after
{Heap after GC invocations=32 (full 0):
 garbage-first heap   total 45056K, used 24993K [0x00000000c8c00000, 0x0000000100000000)
  region size 1024K, 2 young (2048K), 2 survivors (2048K)
 Metaspace       used 54280K, capacity 55708K, committed 55936K, reserved 1097728K
  class space    used 7180K, capacity 7736K, committed 7808K, reserved 1048576K
}
Event: 41.419 GC heap before
{Heap before GC invocations=33 (full 0):
 garbage-first heap   total 48128K, used 35233K [0x00000000c8c00000, 0x0000000100000000)
  region size 1024K, 13 young (13312K), 2 survivors (2048K)
 Metaspace       used 56859K, capacity 58329K, committed 58496K, reserved 1099776K
  class space    used 7459K, capacity 8009K, committed 8064K, reserved 1048576K
}
Event: 41.422 GC heap after
{Heap after GC invocations=34 (full 0):
 garbage-first heap   total 48128K, used 25616K [0x00000000c8c00000, 0x0000000100000000)
  region size 1024K, 2 young (2048K), 2 survivors (2048K)
 Metaspace       used 56859K, capacity 58329K, committed 58496K, reserved 1099776K
  class space    used 7459K, capacity 8009K, committed 8064K, reserved 1048576K
}
Event: 42.013 GC heap before
{Heap before GC invocations=34 (full 0):
 garbage-first heap   total 48128K, used 37904K [0x00000000c8c00000, 0x0000000100000000)
  region size 1024K, 15 young (15360K), 2 survivors (2048K)
 Metaspace       used 59424K, capacity 60892K, committed 61056K, reserved 1101824K
  class space    used 7641K, capacity 8202K, committed 8320K, reserved 1048576K
}
Event: 42.018 GC heap after
{Heap after GC invocations=35 (full 0):
 garbage-first heap   total 48128K, used 26511K [0x00000000c8c00000, 0x0000000100000000)
  region size 1024K, 2 young (2048K), 2 survivors (2048K)
 Metaspace       used 59424K, capacity 60892K, committed 61056K, reserved 1101824K
  class space    used 7641K, capacity 8202K, committed 8320K, reserved 1048576K
}
Event: 42.303 GC heap before
{Heap before GC invocations=36 (full 0):
 garbage-first heap   total 51200K, used 37775K [0x00000000c8c00000, 0x0000000100000000)
  region size 1024K, 14 young (14336K), 2 survivors (2048K)
 Metaspace       used 62292K, capacity 63772K, committed 64128K, reserved 1105920K
  class space    used 7896K, capacity 8458K, committed 8576K, reserved 1048576K
}
Event: 42.306 GC heap after
{Heap after GC invocations=37 (full 0):
 garbage-first heap   total 51200K, used 27154K [0x00000000c8c00000, 0x0000000100000000)
  region size 1024K, 2 young (2048K), 2 survivors (2048K)
 Metaspace       used 62292K, capacity 63772K, committed 64128K, reserved 1105920K
  class space    used 7896K, capacity 8458K, committed 8576K, reserved 1048576K
}
Event: 43.241 GC heap before
{Heap before GC invocations=37 (full 0):
 garbage-first heap   total 51200K, used 41490K [0x00000000c8c00000, 0x0000000100000000)
  region size 1024K, 17 young (17408K), 2 survivors (2048K)
 Metaspace       used 65041K, capacity 66501K, committed 66816K, reserved 1107968K
  class space    used 8073K, capacity 8621K, committed 8704K, reserved 1048576K
}
Event: 43.244 GC heap after
{Heap after GC invocations=38 (full 0):
 garbage-first heap   total 51200K, used 26851K [0x00000000c8c00000, 0x0000000100000000)
  region size 1024K, 2 young (2048K), 2 survivors (2048K)
 Metaspace       used 65041K, capacity 66501K, committed 66816K, reserved 1107968K
  class space    used 8073K, capacity 8621K, committed 8704K, reserved 1048576K
}

Deoptimization events (20 events):
Event: 43.990 Thread 0x000002017d3da800 Uncommon trap: trap_request=0xffffffc6 fr.pc=0x000002016e45969c relative=0x000000000000007c
Event: 43.990 Thread 0x000002017d3da800 Uncommon trap: reason=bimorphic_or_optimized_type_check action=maybe_recompile pc=0x000002016e45969c method=org.eclipse.jdt.internal.compiler.lookup.TypeBinding.isRawType()Z @ 1 c2
Event: 43.990 Thread 0x000002017d3da800 DEOPT PACKING pc=0x000002016e45969c sp=0x000000a3479fb2a0
Event: 43.990 Thread 0x000002017d3da800 DEOPT UNPACKING pc=0x00000201666a912f sp=0x000000a3479fb240 mode 2
Event: 43.990 Thread 0x000002017d3da800 Uncommon trap: trap_request=0xffffffc6 fr.pc=0x000002016e45969c relative=0x000000000000007c
Event: 43.990 Thread 0x000002017d3da800 Uncommon trap: reason=bimorphic_or_optimized_type_check action=maybe_recompile pc=0x000002016e45969c method=org.eclipse.jdt.internal.compiler.lookup.TypeBinding.isRawType()Z @ 1 c2
Event: 43.990 Thread 0x000002017d3da800 DEOPT PACKING pc=0x000002016e45969c sp=0x000000a3479fb2a0
Event: 43.990 Thread 0x000002017d3da800 DEOPT UNPACKING pc=0x00000201666a912f sp=0x000000a3479fb240 mode 2
Event: 43.997 Thread 0x000002017d3da800 Uncommon trap: trap_request=0xffffffc6 fr.pc=0x000002016e45969c relative=0x000000000000007c
Event: 43.997 Thread 0x000002017d3da800 Uncommon trap: reason=bimorphic_or_optimized_type_check action=maybe_recompile pc=0x000002016e45969c method=org.eclipse.jdt.internal.compiler.lookup.TypeBinding.isRawType()Z @ 1 c2
Event: 43.997 Thread 0x000002017d3da800 DEOPT PACKING pc=0x000002016e45969c sp=0x000000a3479fb2a0
Event: 43.997 Thread 0x000002017d3da800 DEOPT UNPACKING pc=0x00000201666a912f sp=0x000000a3479fb240 mode 2
Event: 44.013 Thread 0x000002017d3da800 Uncommon trap: trap_request=0xffffff45 fr.pc=0x000002016e459304 relative=0x00000000000000c4
Event: 44.013 Thread 0x000002017d3da800 Uncommon trap: reason=unstable_if action=reinterpret pc=0x000002016e459304 method=org.eclipse.jdt.internal.compiler.lookup.TypeBinding.equalsEquals(Lorg/eclipse/jdt/internal/compiler/lookup/TypeBinding;Lorg/eclipse/jdt/internal/compiler/lookup/TypeBinding
Event: 44.013 Thread 0x000002017d3da800 DEOPT PACKING pc=0x000002016e459304 sp=0x000000a3479fb2c0
Event: 44.013 Thread 0x000002017d3da800 DEOPT UNPACKING pc=0x00000201666a912f sp=0x000000a3479fb270 mode 2
Event: 44.138 Thread 0x000002017d3da800 Uncommon trap: trap_request=0xffffffc6 fr.pc=0x000002016e45969c relative=0x000000000000007c
Event: 44.138 Thread 0x000002017d3da800 Uncommon trap: reason=bimorphic_or_optimized_type_check action=maybe_recompile pc=0x000002016e45969c method=org.eclipse.jdt.internal.compiler.lookup.TypeBinding.isRawType()Z @ 1 c2
Event: 44.138 Thread 0x000002017d3da800 DEOPT PACKING pc=0x000002016e45969c sp=0x000000a3479fb090
Event: 44.138 Thread 0x000002017d3da800 DEOPT UNPACKING pc=0x00000201666a912f sp=0x000000a3479fb030 mode 2

Classes unloaded (0 events):
No events

Classes redefined (0 events):
No events

Internal exceptions (20 events):
Event: 43.283 Thread 0x000002017d3da800 Exception <a 'java/lang/ClassNotFoundException'{0x00000000cc3bb400}: javax/servlet/http/HttpServletRequestWrapperCustomizer> (0x00000000cc3bb400) 
thrown [./open/src/hotspot/share/classfile/systemDictionary.cpp, line 226]
Event: 43.289 Thread 0x000002017d3da800 Exception <a 'java/lang/ClassNotFoundException'{0x00000000cc3f54a0}: org/apache/catalina/core/ApplicationHttpRequestCustomizer> (0x00000000cc3f54a0) 
thrown [./open/src/hotspot/share/classfile/systemDictionary.cpp, line 226]
Event: 43.390 Thread 0x000002017d3da800 Exception <a 'java/lang/ClassNotFoundException'{0x00000000cbbe8230}: org/apache/taglibs/standard/tag/common/core/CatchTagBeanInfo> (0x00000000cbbe8230) 
thrown [./open/src/hotspot/share/classfile/systemDictionary.cpp, line 226]
Event: 43.395 Thread 0x000002017d3da800 Exception <a 'java/lang/ClassNotFoundException'{0x00000000cbbf86e8}: javax/servlet/jsp/tagext/TagSupportBeanInfo> (0x00000000cbbf86e8) 
thrown [./open/src/hotspot/share/classfile/systemDictionary.cpp, line 226]
Event: 43.398 Thread 0x000002017d3da800 Exception <a 'java/lang/ClassNotFoundException'{0x00000000cba09818}: javax/servlet/jsp/tagext/TagSupportCustomizer> (0x00000000cba09818) 
thrown [./open/src/hotspot/share/classfile/systemDictionary.cpp, line 226]
Event: 43.403 Thread 0x000002017d3da800 Exception <a 'java/lang/ClassNotFoundException'{0x00000000cba26c30}: org/apache/taglibs/standard/tag/common/core/CatchTagCustomizer> (0x00000000cba26c30) 
thrown [./open/src/hotspot/share/classfile/systemDictionary.cpp, line 226]
Event: 43.409 Thread 0x000002017d3da800 Exception <a 'java/lang/ClassNotFoundException'{0x00000000cba42920}: org/apache/taglibs/standard/tag/common/core/ChooseTagBeanInfo> (0x00000000cba42920) 
thrown [./open/src/hotspot/share/classfile/systemDictionary.cpp, line 226]
Event: 43.413 Thread 0x000002017d3da800 Exception <a 'java/lang/ClassNotFoundException'{0x00000000cba556f0}: org/apache/taglibs/standard/tag/common/core/ChooseTagCustomizer> (0x00000000cba556f0) 
thrown [./open/src/hotspot/share/classfile/systemDictionary.cpp, line 226]
Event: 43.418 Thread 0x000002017d3da800 Exception <a 'java/lang/ClassNotFoundException'{0x00000000cba6f4f0}: org/apache/taglibs/standard/tag/rt/core/WhenTagBeanInfo> (0x00000000cba6f4f0) 
thrown [./open/src/hotspot/share/classfile/systemDictionary.cpp, line 226]
Event: 43.422 Thread 0x000002017d3da800 Exception <a 'java/lang/ClassNotFoundException'{0x00000000cba82d58}: org/apache/taglibs/standard/tag/common/core/WhenTagSupportBeanInfo> (0x00000000cba82d58) 
thrown [./open/src/hotspot/share/classfile/systemDictionary.cpp, line 226]
Event: 43.426 Thread 0x000002017d3da800 Exception <a 'java/lang/ClassNotFoundException'{0x00000000cba957e8}: javax/servlet/jsp/jstl/core/ConditionalTagSupportBeanInfo> (0x00000000cba957e8) 
thrown [./open/src/hotspot/share/classfile/systemDictionary.cpp, line 226]
Event: 43.429 Thread 0x000002017d3da800 Exception <a 'java/lang/ClassNotFoundException'{0x00000000cbaa8350}: javax/servlet/jsp/jstl/core/ConditionalTagSupportCustomizer> (0x00000000cbaa8350) 
thrown [./open/src/hotspot/share/classfile/systemDictionary.cpp, line 226]
Event: 43.433 Thread 0x000002017d3da800 Exception <a 'java/lang/ClassNotFoundException'{0x00000000cbac19d8}: org/apache/taglibs/standard/tag/common/core/WhenTagSupportCustomizer> (0x00000000cbac19d8) 
thrown [./open/src/hotspot/share/classfile/systemDictionary.cpp, line 226]
Event: 43.442 Thread 0x000002017d3da800 Exception <a 'java/lang/ClassNotFoundException'{0x00000000cbad9c50}: org/apache/taglibs/standard/tag/rt/core/WhenTagCustomizer> (0x00000000cbad9c50) 
thrown [./open/src/hotspot/share/classfile/systemDictionary.cpp, line 226]
Event: 43.483 Thread 0x000002017d3da800 Exception <a 'java/lang/ClassNotFoundException'{0x00000000cbafa940}: org/apache/taglibs/standard/tag/common/core/OtherwiseTagBeanInfo> (0x00000000cbafa940) 
thrown [./open/src/hotspot/share/classfile/systemDictionary.cpp, line 226]
Event: 43.500 Thread 0x000002017d3da800 Exception <a 'java/lang/ClassNotFoundException'{0x00000000cb90e108}: org/apache/taglibs/standard/tag/common/core/OtherwiseTagCustomizer> (0x00000000cb90e108) 
thrown [./open/src/hotspot/share/classfile/systemDictionary.cpp, line 226]
Event: 43.507 Thread 0x000002017d3da800 Exception <a 'java/lang/ClassNotFoundException'{0x00000000cb944328}: org/apache/taglibs/standard/tag/rt/core/IfTagBeanInfo> (0x00000000cb944328) 
thrown [./open/src/hotspot/share/classfile/systemDictionary.cpp, line 226]
Event: 43.513 Thread 0x000002017d3da800 Exception <a 'java/lang/ClassNotFoundException'{0x00000000cb956010}: org/apache/taglibs/standard/tag/rt/core/IfTagCustomizer> (0x00000000cb956010) 
thrown [./open/src/hotspot/share/classfile/systemDictionary.cpp, line 226]
Event: 43.604 Thread 0x000002017d3da800 Exception <a 'java/lang/ArrayIndexOutOfBoundsException'{0x00000000cb9fd858}> (0x00000000cb9fd858) 
thrown [./open/src/hotspot/share/runtime/sharedRuntime.cpp, line 584]
Event: 44.013 Thread 0x000002017d3da800 Implicit null exception at 0x000002016e459251 to 0x000002016e4592f0

Events (20 events):
Event: 43.236 loading class sun/reflect/generics/tree/IntSignature
Event: 43.236 loading class sun/reflect/generics/tree/IntSignature done
Event: 43.236 Executing VM operation: ICBufferFull
Event: 43.236 Executing VM operation: ICBufferFull done
Event: 43.241 Executing VM operation: G1CollectForAllocation
Event: 43.245 Executing VM operation: G1CollectForAllocation done
Event: 43.284 Executing VM operation: HandshakeOneThread
Event: 43.284 Executing VM operation: HandshakeOneThread done
Event: 43.289 loading class com/sun/beans/finder/MethodFinder
Event: 43.289 loading class com/sun/beans/finder/AbstractFinder
Event: 43.290 loading class com/sun/beans/finder/AbstractFinder done
Event: 43.290 loading class com/sun/beans/finder/MethodFinder done
Event: 43.290 loading class com/sun/beans/finder/MethodFinder$1
Event: 43.290 loading class com/sun/beans/finder/MethodFinder$1 done
Event: 43.290 loading class com/sun/beans/finder/FinderUtils
Event: 43.290 loading class com/sun/beans/finder/FinderUtils done
Event: 43.298 Executing VM operation: G1Concurrent
Event: 43.302 Executing VM operation: G1Concurrent done
Event: 43.335 Executing VM operation: G1Concurrent
Event: 43.335 Executing VM operation: G1Concurrent done


Dynamic libraries:
0x00007ff7bab00000 - 0x00007ff7bab0f000 	C:\Program Files\Java\jdk-14.0.2\bin\java.exe
0x00007ffd26e20000 - 0x00007ffd27010000 	C:\WINDOWS\SYSTEM32\ntdll.dll
0x00007ffd25f90000 - 0x00007ffd26042000 	C:\WINDOWS\System32\KERNEL32.DLL
0x00007ffd23e30000 - 0x00007ffd240d5000 	C:\WINDOWS\System32\KERNELBASE.dll
0x00007ffd24860000 - 0x00007ffd2495a000 	C:\WINDOWS\System32\ucrtbase.dll
0x00007ffd1f060000 - 0x00007ffd1f075000 	C:\Program Files\Java\jdk-14.0.2\bin\VCRUNTIME140.dll
0x00007ffd1d500000 - 0x00007ffd1d518000 	C:\Program Files\Java\jdk-14.0.2\bin\jli.dll
0x00007ffd26770000 - 0x00007ffd26813000 	C:\WINDOWS\System32\ADVAPI32.dll
0x00007ffd26b50000 - 0x00007ffd26bee000 	C:\WINDOWS\System32\msvcrt.dll
0x00007ffd269b0000 - 0x00007ffd26a47000 	C:\WINDOWS\System32\sechost.dll
0x00007ffd26bf0000 - 0x00007ffd26d10000 	C:\WINDOWS\System32\RPCRT4.dll
0x00007ffd26050000 - 0x00007ffd261e4000 	C:\WINDOWS\System32\USER32.dll
0x00007ffd24ea0000 - 0x00007ffd24ec1000 	C:\WINDOWS\System32\win32u.dll
0x00007ffd25720000 - 0x00007ffd25746000 	C:\WINDOWS\System32\GDI32.dll
0x00007ffd24d00000 - 0x00007ffd24e96000 	C:\WINDOWS\System32\gdi32full.dll
0x00007ffd24a90000 - 0x00007ffd24b2e000 	C:\WINDOWS\System32\msvcp_win.dll
0x00007ffd11fb0000 - 0x00007ffd12234000 	C:\WINDOWS\WinSxS\amd64_microsoft.windows.common-controls_6595b64144ccf1df_6.0.18362.1139_none_9e7bf2d3e4605ac6\COMCTL32.dll
0x00007ffd25750000 - 0x00007ffd25a85000 	C:\WINDOWS\System32\combase.dll
0x00007ffd23db0000 - 0x00007ffd23e30000 	C:\WINDOWS\System32\bcryptPrimitives.dll
0x00007ffd1b7d0000 - 0x00007ffd1b7da000 	C:\WINDOWS\SYSTEM32\VERSION.dll
0x00007ffd26660000 - 0x00007ffd2668e000 	C:\WINDOWS\System32\IMM32.DLL
0x00007ffd1d030000 - 0x00007ffd1d0cb000 	C:\Program Files\Java\jdk-14.0.2\bin\msvcp140.dll
0x00007ffcf5600000 - 0x00007ffcf611e000 	C:\Program Files\Java\jdk-14.0.2\bin\server\jvm.dll
0x00007ffd26760000 - 0x00007ffd26768000 	C:\WINDOWS\System32\PSAPI.DLL
0x00007ffd11c70000 - 0x00007ffd11c79000 	C:\WINDOWS\SYSTEM32\WSOCK32.dll
0x00007ffd268e0000 - 0x00007ffd2694f000 	C:\WINDOWS\System32\WS2_32.dll
0x00007ffd217d0000 - 0x00007ffd217f4000 	C:\WINDOWS\SYSTEM32\WINMM.dll
0x00007ffd217a0000 - 0x00007ffd217cd000 	C:\WINDOWS\SYSTEM32\winmmbase.dll
0x00007ffd24b30000 - 0x00007ffd24b7a000 	C:\WINDOWS\System32\cfgmgr32.dll
0x00007ffd23d90000 - 0x00007ffd23da1000 	C:\WINDOWS\System32\kernel.appcore.dll
0x00007ffd1f650000 - 0x00007ffd1f65a000 	C:\Program Files\Java\jdk-14.0.2\bin\jimage.dll
0x00007ffd15df0000 - 0x00007ffd15fe4000 	C:\WINDOWS\SYSTEM32\DBGHELP.DLL
0x00007ffd15d90000 - 0x00007ffd15dba000 	C:\WINDOWS\SYSTEM32\dbgcore.DLL
0x00007ffd1d230000 - 0x00007ffd1d255000 	C:\Program Files\Java\jdk-14.0.2\bin\java.dll
0x00007ffd1d210000 - 0x00007ffd1d226000 	C:\Program Files\Java\jdk-14.0.2\bin\zip.dll
0x00007ffd24f80000 - 0x00007ffd25667000 	C:\WINDOWS\System32\SHELL32.dll
0x00007ffd24ed0000 - 0x00007ffd24f79000 	C:\WINDOWS\System32\shcore.dll
0x00007ffd240e0000 - 0x00007ffd24860000 	C:\WINDOWS\System32\windows.storage.dll
0x00007ffd23d10000 - 0x00007ffd23d33000 	C:\WINDOWS\System32\profapi.dll
0x00007ffd23d40000 - 0x00007ffd23d8a000 	C:\WINDOWS\System32\powrprof.dll
0x00007ffd23ce0000 - 0x00007ffd23cf0000 	C:\WINDOWS\System32\UMPDC.dll
0x00007ffd26880000 - 0x00007ffd268d2000 	C:\WINDOWS\System32\shlwapi.dll
0x00007ffd249c0000 - 0x00007ffd249d7000 	C:\WINDOWS\System32\cryptsp.dll
0x00007ffd1d1f0000 - 0x00007ffd1d209000 	C:\Program Files\Java\jdk-14.0.2\bin\net.dll
0x00007ffd1acc0000 - 0x00007ffd1adb0000 	C:\WINDOWS\SYSTEM32\WINHTTP.dll
0x00007ffd234d0000 - 0x00007ffd23537000 	C:\WINDOWS\system32\mswsock.dll
0x00007ffd1d010000 - 0x00007ffd1d022000 	C:\Program Files\Java\jdk-14.0.2\bin\nio.dll
0x00007ffd1d970000 - 0x00007ffd1d980000 	C:\Program Files\Java\jdk-14.0.2\bin\verify.dll
0x00007ffd1d640000 - 0x00007ffd1d649000 	C:\Program Files\Java\jdk-14.0.2\bin\management.dll
0x00007ffd1d3c0000 - 0x00007ffd1d3cb000 	C:\Program Files\Java\jdk-14.0.2\bin\management_ext.dll
0x00007ffd10e00000 - 0x00007ffd10e16000 	C:\WINDOWS\system32\napinsp.dll
0x00007ffd10de0000 - 0x00007ffd10dfa000 	C:\WINDOWS\system32\pnrpnsp.dll
0x00007ffd23220000 - 0x00007ffd232eb000 	C:\WINDOWS\SYSTEM32\DNSAPI.dll
0x00007ffd25f10000 - 0x00007ffd25f18000 	C:\WINDOWS\System32\NSI.dll
0x00007ffd231e0000 - 0x00007ffd2321a000 	C:\WINDOWS\SYSTEM32\IPHLPAPI.DLL
0x00007ffd11c80000 - 0x00007ffd11c8e000 	C:\WINDOWS\System32\winrnr.dll
0x00007ffd204e0000 - 0x00007ffd204fc000 	C:\WINDOWS\system32\NLAapi.dll
0x00007ffd10500000 - 0x00007ffd10515000 	C:\WINDOWS\system32\wshbth.dll
0x00007ffd1aa60000 - 0x00007ffd1aa6a000 	C:\Windows\System32\rasadhlp.dll
0x00007ffd1b7f0000 - 0x00007ffd1b867000 	C:\WINDOWS\System32\fwpuclnt.dll
0x00007ffd24b80000 - 0x00007ffd24ba6000 	C:\WINDOWS\System32\bcrypt.dll
0x00007ffd23040000 - 0x00007ffd23073000 	C:\WINDOWS\system32\rsaenh.dll
0x00007ffd23c00000 - 0x00007ffd23c25000 	C:\WINDOWS\SYSTEM32\USERENV.dll
0x00007ffd236a0000 - 0x00007ffd236ac000 	C:\WINDOWS\SYSTEM32\CRYPTBASE.dll
0x00007ffd1bc00000 - 0x00007ffd1bc16000 	C:\WINDOWS\SYSTEM32\dhcpcsvc6.DLL
0x00007ffd1bf10000 - 0x00007ffd1bf2c000 	C:\WINDOWS\SYSTEM32\dhcpcsvc.DLL

dbghelp: loaded successfully - version: 4.0.5 - missing functions: none
symbol engine: initialized successfully - sym options: 0x614 - pdb path: .;C:\Program Files\Java\jdk-14.0.2\bin;C:\WINDOWS\SYSTEM32;C:\WINDOWS\WinSxS\amd64_microsoft.windows.common-controls_6595b64144ccf1df_6.0.18362.1139_none_9e7bf2d3e4605ac6;C:\Program Files\Java\jdk-14.0.2\bin\server

VM Arguments:
jvm_args: -Dfile.encoding=x-windows-949 -Duser.country=KR -Duser.language=ko -Duser.variant 
java_command: com.sample.video.VideoApplication
java_class_path (initial): C:\Users\chlee\MuJam\build\classes\java\main;C:\Users\chlee\MuJam\build\resources\main;C:\Users\chlee\.gradle\caches\modules-2\files-2.1\org.apache.tomcat.embed\tomcat-embed-jasper\9.0.38\876f8322776e84613603b519bb8e3f96986ec1e5\tomcat-embed-jasper-9.0.38.jar;C:\Users\chlee\.gradle\caches\modules-2\files-2.1\javax.servlet\jstl\1.2\74aca283cd4f4b4f3e425f5820cda58f44409547\jstl-1.2.jar;C:\Users\chlee\.gradle\caches\modules-2\files-2.1\org.springframework.boot\spring-boot-starter-data-jpa\2.3.4.RELEASE\a8b9828649248d762d1d3fc6898c8d7e471e1a8e\spring-boot-starter-data-jpa-2.3.4.RELEASE.jar;C:\Users\chlee\.gradle\caches\modules-2\files-2.1\mysql\mysql-connector-java\8.0.21\53fd3a0887667aae7e40a3439fff2d03d93ec4c2\mysql-connector-java-8.0.21.jar;C:\Users\chlee\.gradle\caches\modules-2\files-2.1\org.springframework.boot\spring-boot-starter-web\2.3.4.RELEASE\fe00611add5307c1f25f955b5229b7dddaaa2ff4\spring-boot-starter-web-2.3.4.RELEASE.jar;C:\Users\chlee\.gradle\caches\modules-2\files-2.1\org.springframework.boot\spring-boot-starter-tomcat\2.3.4.RELEASE\acffbb94a26dd1b7e9c38795797197e2dcb9d2e5\spring-boot-starter-tomcat-2.3.4.RELEASE.jar;C:\Users\chlee\.gradle\caches\modules-2\files-2.1\org.apache.tomcat.embed\tomcat-embed-websocket\9.0.38\5d33c7736d192dff22bb5a7bef3ac2095573f91a\tomcat-embed-websocket-9.0.38.jar;C:\Users\chlee\.gradle\caches\modules-2\files-2.1\org.apache.tomcat.embed\tomcat-embed-core\9.0.38\368aac73f9274896fa8cccf20f4799533629471c\tomcat-embed-core-9.0.38.jar;C:\Users\chlee\.gradle\caches\modules-2\files-2.1\org.apache.tomcat.embed\tomcat-embed-el\9.0.38\5029e794adf6c313f84f49f788dcac5a753def62\tomcat-embed-el-9.0.38.jar;C:\Users\chlee\.gradle\caches\modules-2\files-2.1\org.eclipse.jdt\ecj\3.18.0\4d5d0911b30db24c8eb844702c8adf8e434314ff\ecj-3.18.0.jar;C:\Users\chlee\.gradle\caches\modules-2\files-2.1\org.springframework.boot\spring-boot-starter-aop\2.3.4.RELEASE\d3f6346c22a693830f2b7099b8a2dd531f771a4b\spring-boot-starter-aop
Launcher Type: SUN_STANDARD

[Global flags]
     intx CICompilerCount                          = 3                                         {product} {ergonomic}
     uint ConcGCThreads                            = 1                                         {product} {ergonomic}
     uint G1ConcRefinementThreads                  = 4                                         {product} {ergonomic}
   size_t G1HeapRegionSize                         = 1048576                                   {product} {ergonomic}
    uintx GCDrainStackTargetSize                   = 64                                        {product} {ergonomic}
   size_t InitialHeapSize                          = 58720256                                  {product} {ergonomic}
   size_t MarkStackSize                            = 4194304                                   {product} {ergonomic}
   size_t MaxHeapSize                              = 926941184                                 {product} {ergonomic}
   size_t MaxNewSize                               = 555745280                                 {product} {ergonomic}
   size_t MinHeapDeltaBytes                        = 1048576                                   {product} {ergonomic}
   size_t MinHeapSize                              = 8388608                                   {product} {ergonomic}
    uintx NonNMethodCodeHeapSize                   = 5832780                                {pd product} {ergonomic}
    uintx NonProfiledCodeHeapSize                  = 122912730                              {pd product} {ergonomic}
    uintx ProfiledCodeHeapSize                     = 122912730                              {pd product} {ergonomic}
    uintx ReservedCodeCacheSize                    = 251658240                              {pd product} {ergonomic}
     bool SegmentedCodeCache                       = true                                      {product} {ergonomic}
   size_t SoftMaxHeapSize                          = 926941184                              {manageable} {ergonomic}
     bool UseCompressedClassPointers               = true                                 {lp64_product} {ergonomic}
     bool UseCompressedOops                        = true                                 {lp64_product} {ergonomic}
     bool UseG1GC                                  = true                                      {product} {ergonomic}
     bool UseLargePagesIndividualAllocation        = false                                  {pd product} {ergonomic}

Logging:
Log output configuration:
 #0: stdout all=warning uptime,level,tags
 #1: stderr all=off uptime,level,tags

Environment Variables:
PATH=C:\app\chlee\product\11.2.0\dbhome_1\bin;C:\app\¿Ã√∂«‡\product\11.2.0\dbhome_1\bin;C:;Program Files (x86)\Common Files\Oracle\Java\javapath;C:\oraclexe\app\oracle\product\11.2.0\server\bin;C:\WINDOWS\system32;C:\WINDOWS;C:\WINDOWS\System32\Wbem;C:\WINDOWS\System32\WindowsPowerShell\v1.0\;C:\WINDOWS\System32\OpenSSH\;C:\Program Files\Intel\WiFi\bin\;C:\Program Files\Common Files\Intel\WirelessCommon\;C:\Program Files\nodejs\;C:\Go\bin;C:\Program Files\Git\cmd;C:\Program Files\MySQL\MySQL Shell 8.0\bin\;C:\Users\chlee\AppData\Local\Microsoft\WindowsApps;C:\Users\chlee\AppData\Local\GitHubDesktop\bin;C:\Program Files\JetBrains\IntelliJ IDEA 2020.2.1\bin;;C:\Users\chlee\go\bin;C:\Program Files\JetBrains\IntelliJ IDEA Community Edition 2020.2.3\bin;
USERNAME=chlee
OS=Windows_NT
PROCESSOR_IDENTIFIER=AMD64 Family 23 Model 17 Stepping 0, AuthenticAMD



---------------  S Y S T E M  ---------------

OS: Windows 10 , 64 bit Build 18362 (10.0.18362.1110)
OS uptime: 0 days 11:26 hours

CPU:total 4 (initial active 4) (4 cores per cpu, 2 threads per core) family 23 model 17 stepping 0, cmov, cx8, fxsr, mmx, sse, sse2, sse3, ssse3, sse4.1, sse4.2, popcnt, avx, avx2, aes, clmul, mmxext, 3dnowpref, lzcnt, sse4a, ht, tsc, tscinvbit, tscinv, bmi1, bmi2, adx, sha, fma

Memory: 4k page, system-wide physical 3529M (267M free)
TotalPageFile size 14281M (AvailPageFile size 3M)
current process WorkingSet (physical memory assigned to process): 240M, peak: 241M
current process commit charge ("private bytes"): 276M, peak: 279M

vm_info: Java HotSpot(TM) 64-Bit Server VM (14.0.2+12-46) for windows-amd64 JRE (14.0.2+12-46), built on Jul  9 2020 00:35:52 by "mach5one" with MS VC++ 15.9 (VS2017)

END.
